<?xml version="1.0" encoding="UTF-8"?>
<coverage generated="1600968826791" clover="3.2.0">
  <project timestamp="1600968826791" name="All files">
    <metrics statements="378" coveredstatements="378" conditionals="194" coveredconditionals="194" methods="58" coveredmethods="58" elements="630" coveredelements="630" complexity="0" loc="378" ncloc="378" packages="1" files="9" classes="9"/>
    <file name="BubbleSortConfirm.js" path="/Users/shotayamamoto/Jest/Sort-Algorithm/src/BubbleSortConfirm.js">
      <metrics statements="33" coveredstatements="33" conditionals="20" coveredconditionals="20" methods="6" coveredmethods="6"/>
      <line num="3" count="1" type="stmt"/>
      <line num="7" count="6" type="cond" truecount="2" falsecount="0"/>
      <line num="9" count="1" type="stmt"/>
      <line num="12" count="5" type="cond" truecount="2" falsecount="0"/>
      <line num="14" count="1" type="stmt"/>
      <line num="17" count="4" type="cond" truecount="2" falsecount="0"/>
      <line num="19" count="1" type="stmt"/>
      <line num="22" count="3" type="cond" truecount="2" falsecount="0"/>
      <line num="24" count="2" type="stmt"/>
      <line num="29" count="1" type="stmt"/>
      <line num="31" count="1" type="stmt"/>
      <line num="39" count="1" type="stmt"/>
      <line num="41" count="6" type="cond" truecount="2" falsecount="0"/>
      <line num="43" count="5" type="stmt"/>
      <line num="47" count="1" type="stmt"/>
      <line num="49" count="5" type="cond" truecount="2" falsecount="0"/>
      <line num="51" count="4" type="stmt"/>
      <line num="55" count="1" type="stmt"/>
      <line num="57" count="33" type="cond" truecount="2" falsecount="0"/>
      <line num="59" count="32" type="stmt"/>
      <line num="63" count="1" type="stmt"/>
      <line num="65" count="12" type="cond" truecount="2" falsecount="0"/>
      <line num="66" count="11" type="cond" truecount="2" falsecount="0"/>
      <line num="68" count="10" type="stmt"/>
      <line num="73" count="1" type="stmt"/>
      <line num="76" count="1" type="stmt"/>
      <line num="79" count="10" type="stmt"/>
      <line num="83" count="55" type="cond" truecount="2" falsecount="0"/>
      <line num="85" count="21" type="stmt"/>
      <line num="86" count="21" type="stmt"/>
      <line num="87" count="21" type="stmt"/>
      <line num="95" count="1" type="stmt"/>
      <line num="101" count="1" type="stmt"/>
    </file>
    <file name="BucketSortConfirm.js" path="/Users/shotayamamoto/Jest/Sort-Algorithm/src/BucketSortConfirm.js">
      <metrics statements="43" coveredstatements="43" conditionals="20" coveredconditionals="20" methods="6" coveredmethods="6"/>
      <line num="1" count="1" type="stmt"/>
      <line num="5" count="7" type="cond" truecount="2" falsecount="0"/>
      <line num="7" count="1" type="stmt"/>
      <line num="10" count="6" type="cond" truecount="2" falsecount="0"/>
      <line num="12" count="1" type="stmt"/>
      <line num="15" count="5" type="cond" truecount="2" falsecount="0"/>
      <line num="17" count="1" type="stmt"/>
      <line num="20" count="4" type="cond" truecount="2" falsecount="0"/>
      <line num="22" count="2" type="stmt"/>
      <line num="27" count="2" type="stmt"/>
      <line num="29" count="2" type="stmt"/>
      <line num="37" count="1" type="stmt"/>
      <line num="39" count="7" type="cond" truecount="2" falsecount="0"/>
      <line num="41" count="6" type="stmt"/>
      <line num="45" count="1" type="stmt"/>
      <line num="47" count="6" type="cond" truecount="2" falsecount="0"/>
      <line num="49" count="5" type="stmt"/>
      <line num="53" count="1" type="stmt"/>
      <line num="55" count="36" type="cond" truecount="2" falsecount="0"/>
      <line num="57" count="35" type="stmt"/>
      <line num="61" count="1" type="stmt"/>
      <line num="63" count="15" type="cond" truecount="2" falsecount="0"/>
      <line num="64" count="14" type="cond" truecount="2" falsecount="0"/>
      <line num="66" count="13" type="stmt"/>
      <line num="71" count="1" type="stmt"/>
      <line num="74" count="2" type="stmt"/>
      <line num="75" count="2" type="stmt"/>
      <line num="76" count="2" type="stmt"/>
      <line num="77" count="2" type="stmt"/>
      <line num="80" count="2" type="stmt"/>
      <line num="82" count="14" type="stmt"/>
      <line num="87" count="2" type="stmt"/>
      <line num="89" count="13" type="stmt"/>
      <line num="95" count="2" type="stmt"/>
      <line num="97" count="14" type="stmt"/>
      <line num="98" count="14" type="stmt"/>
      <line num="103" count="2" type="stmt"/>
      <line num="105" count="14" type="cond" truecount="2" falsecount="0"/>
      <line num="107" count="13" type="stmt"/>
      <line num="109" count="13" type="stmt"/>
      <line num="110" count="13" type="stmt"/>
      <line num="118" count="2" type="stmt"/>
      <line num="124" count="1" type="stmt"/>
    </file>
    <file name="HeapSortConfirm.js" path="/Users/shotayamamoto/Jest/Sort-Algorithm/src/HeapSortConfirm.js">
      <metrics statements="55" coveredstatements="55" conditionals="26" coveredconditionals="26" methods="7" coveredmethods="7"/>
      <line num="3" count="1" type="stmt"/>
      <line num="7" count="6" type="cond" truecount="2" falsecount="0"/>
      <line num="9" count="1" type="stmt"/>
      <line num="12" count="5" type="cond" truecount="2" falsecount="0"/>
      <line num="14" count="1" type="stmt"/>
      <line num="17" count="4" type="cond" truecount="2" falsecount="0"/>
      <line num="19" count="1" type="stmt"/>
      <line num="22" count="3" type="cond" truecount="2" falsecount="0"/>
      <line num="24" count="2" type="stmt"/>
      <line num="29" count="1" type="stmt"/>
      <line num="31" count="1" type="stmt"/>
      <line num="39" count="1" type="stmt"/>
      <line num="41" count="6" type="cond" truecount="2" falsecount="0"/>
      <line num="43" count="5" type="stmt"/>
      <line num="47" count="1" type="stmt"/>
      <line num="49" count="5" type="cond" truecount="2" falsecount="0"/>
      <line num="51" count="4" type="stmt"/>
      <line num="55" count="1" type="stmt"/>
      <line num="57" count="33" type="cond" truecount="2" falsecount="0"/>
      <line num="59" count="32" type="stmt"/>
      <line num="63" count="1" type="stmt"/>
      <line num="65" count="12" type="cond" truecount="2" falsecount="0"/>
      <line num="66" count="11" type="cond" truecount="2" falsecount="0"/>
      <line num="68" count="10" type="stmt"/>
      <line num="72" count="1" type="stmt"/>
      <line num="76" count="1" type="stmt"/>
      <line num="78" count="1" type="stmt"/>
      <line num="80" count="10" type="stmt"/>
      <line num="85" count="1" type="stmt"/>
      <line num="86" count="1" type="stmt"/>
      <line num="89" count="1" type="stmt"/>
      <line num="92" count="9" type="stmt"/>
      <line num="94" count="9" type="stmt"/>
      <line num="96" count="25" type="stmt"/>
      <line num="101" count="9" type="stmt"/>
      <line num="102" count="9" type="stmt"/>
      <line num="103" count="9" type="stmt"/>
      <line num="104" count="9" type="stmt"/>
      <line num="108" count="1" type="stmt"/>
      <line num="114" count="1" type="stmt"/>
      <line num="118" count="25" type="stmt"/>
      <line num="119" count="25" type="stmt"/>
      <line num="120" count="25" type="stmt"/>
      <line num="123" count="25" type="cond" truecount="4" falsecount="0"/>
      <line num="125" count="14" type="stmt"/>
      <line num="127" count="14" type="stmt"/>
      <line num="128" count="14" type="stmt"/>
      <line num="129" count="14" type="stmt"/>
      <line num="134" count="25" type="cond" truecount="4" falsecount="0"/>
      <line num="136" count="14" type="stmt"/>
      <line num="138" count="14" type="stmt"/>
      <line num="139" count="14" type="stmt"/>
      <line num="140" count="14" type="stmt"/>
      <line num="144" count="25" type="stmt"/>
      <line num="150" count="1" type="stmt"/>
    </file>
    <file name="InsertionSortConfirm.js" path="/Users/shotayamamoto/Jest/Sort-Algorithm/src/InsertionSortConfirm.js">
      <metrics statements="36" coveredstatements="36" conditionals="20" coveredconditionals="20" methods="6" coveredmethods="6"/>
      <line num="2" count="1" type="stmt"/>
      <line num="6" count="6" type="cond" truecount="2" falsecount="0"/>
      <line num="8" count="1" type="stmt"/>
      <line num="11" count="5" type="cond" truecount="2" falsecount="0"/>
      <line num="13" count="1" type="stmt"/>
      <line num="16" count="4" type="cond" truecount="2" falsecount="0"/>
      <line num="18" count="1" type="stmt"/>
      <line num="21" count="3" type="cond" truecount="2" falsecount="0"/>
      <line num="23" count="2" type="stmt"/>
      <line num="28" count="1" type="stmt"/>
      <line num="30" count="1" type="stmt"/>
      <line num="38" count="1" type="stmt"/>
      <line num="40" count="6" type="cond" truecount="2" falsecount="0"/>
      <line num="42" count="5" type="stmt"/>
      <line num="46" count="1" type="stmt"/>
      <line num="48" count="5" type="cond" truecount="2" falsecount="0"/>
      <line num="50" count="4" type="stmt"/>
      <line num="54" count="1" type="stmt"/>
      <line num="56" count="33" type="cond" truecount="2" falsecount="0"/>
      <line num="58" count="32" type="stmt"/>
      <line num="62" count="1" type="stmt"/>
      <line num="64" count="12" type="cond" truecount="2" falsecount="0"/>
      <line num="65" count="11" type="cond" truecount="2" falsecount="0"/>
      <line num="67" count="10" type="stmt"/>
      <line num="72" count="1" type="stmt"/>
      <line num="75" count="1" type="stmt"/>
      <line num="78" count="9" type="stmt"/>
      <line num="80" count="9" type="stmt"/>
      <line num="83" count="28" type="cond" truecount="2" falsecount="0"/>
      <line num="85" count="7" type="stmt"/>
      <line num="90" count="21" type="stmt"/>
      <line num="91" count="21" type="stmt"/>
      <line num="92" count="21" type="stmt"/>
      <line num="94" count="21" type="stmt"/>
      <line num="102" count="1" type="stmt"/>
      <line num="108" count="1" type="stmt"/>
    </file>
    <file name="MergeSortConfirm.js" path="/Users/shotayamamoto/Jest/Sort-Algorithm/src/MergeSortConfirm.js">
      <metrics statements="43" coveredstatements="43" conditionals="24" coveredconditionals="24" methods="7" coveredmethods="7"/>
      <line num="2" count="1" type="stmt"/>
      <line num="6" count="24" type="cond" truecount="2" falsecount="0"/>
      <line num="8" count="1" type="stmt"/>
      <line num="11" count="23" type="cond" truecount="2" falsecount="0"/>
      <line num="13" count="1" type="stmt"/>
      <line num="16" count="22" type="cond" truecount="2" falsecount="0"/>
      <line num="18" count="1" type="stmt"/>
      <line num="21" count="21" type="cond" truecount="2" falsecount="0"/>
      <line num="23" count="2" type="stmt"/>
      <line num="28" count="19" type="stmt"/>
      <line num="30" count="19" type="stmt"/>
      <line num="38" count="1" type="stmt"/>
      <line num="40" count="24" type="cond" truecount="2" falsecount="0"/>
      <line num="42" count="23" type="stmt"/>
      <line num="46" count="1" type="stmt"/>
      <line num="48" count="23" type="cond" truecount="2" falsecount="0"/>
      <line num="50" count="22" type="stmt"/>
      <line num="54" count="1" type="stmt"/>
      <line num="56" count="67" type="cond" truecount="2" falsecount="0"/>
      <line num="58" count="66" type="stmt"/>
      <line num="62" count="1" type="stmt"/>
      <line num="64" count="46" type="cond" truecount="2" falsecount="0"/>
      <line num="65" count="45" type="cond" truecount="2" falsecount="0"/>
      <line num="67" count="44" type="stmt"/>
      <line num="73" count="1" type="stmt"/>
      <line num="76" count="19" type="cond" truecount="2" falsecount="0"/>
      <line num="78" count="10" type="stmt"/>
      <line num="82" count="9" type="stmt"/>
      <line num="83" count="9" type="stmt"/>
      <line num="84" count="9" type="stmt"/>
      <line num="87" count="9" type="stmt"/>
      <line num="93" count="1" type="stmt"/>
      <line num="97" count="9" type="stmt"/>
      <line num="102" count="9" type="cond" truecount="2" falsecount="0"/>
      <line num="104" count="25" type="cond" truecount="2" falsecount="0"/>
      <line num="106" count="12" type="stmt"/>
      <line num="110" count="13" type="stmt"/>
      <line num="117" count="9" type="stmt"/>
      <line num="119" count="3" type="stmt"/>
      <line num="123" count="9" type="stmt"/>
      <line num="125" count="6" type="stmt"/>
      <line num="129" count="9" type="stmt"/>
      <line num="135" count="1" type="stmt"/>
    </file>
    <file name="QuickSortConfirm.js" path="/Users/shotayamamoto/Jest/Sort-Algorithm/src/QuickSortConfirm.js">
      <metrics statements="51" coveredstatements="51" conditionals="24" coveredconditionals="24" methods="7" coveredmethods="7"/>
      <line num="3" count="1" type="stmt"/>
      <line num="7" count="6" type="cond" truecount="2" falsecount="0"/>
      <line num="9" count="1" type="stmt"/>
      <line num="12" count="5" type="cond" truecount="2" falsecount="0"/>
      <line num="14" count="1" type="stmt"/>
      <line num="17" count="4" type="cond" truecount="2" falsecount="0"/>
      <line num="19" count="1" type="stmt"/>
      <line num="22" count="3" type="cond" truecount="2" falsecount="0"/>
      <line num="24" count="2" type="stmt"/>
      <line num="29" count="1" type="stmt"/>
      <line num="31" count="1" type="stmt"/>
      <line num="39" count="1" type="stmt"/>
      <line num="41" count="6" type="cond" truecount="2" falsecount="0"/>
      <line num="43" count="5" type="stmt"/>
      <line num="47" count="1" type="stmt"/>
      <line num="49" count="5" type="cond" truecount="2" falsecount="0"/>
      <line num="51" count="4" type="stmt"/>
      <line num="55" count="1" type="stmt"/>
      <line num="57" count="33" type="cond" truecount="2" falsecount="0"/>
      <line num="59" count="32" type="stmt"/>
      <line num="63" count="1" type="stmt"/>
      <line num="65" count="12" type="cond" truecount="2" falsecount="0"/>
      <line num="66" count="11" type="cond" truecount="2" falsecount="0"/>
      <line num="68" count="10" type="stmt"/>
      <line num="74" count="1" type="stmt"/>
      <line num="76" count="1" type="stmt"/>
      <line num="77" count="1" type="stmt"/>
      <line num="79" count="1" type="stmt"/>
      <line num="81" count="1" type="stmt"/>
      <line num="86" count="1" type="stmt"/>
      <line num="90" count="9" type="stmt"/>
      <line num="92" count="9" type="stmt"/>
      <line num="94" count="9" type="stmt"/>
      <line num="97" count="9" type="stmt"/>
      <line num="100" count="18" type="stmt"/>
      <line num="102" count="9" type="stmt"/>
      <line num="107" count="18" type="stmt"/>
      <line num="109" count="11" type="stmt"/>
      <line num="114" count="18" type="cond" truecount="2" falsecount="0"/>
      <line num="116" count="9" type="stmt"/>
      <line num="121" count="9" type="stmt"/>
      <line num="122" count="9" type="stmt"/>
      <line num="123" count="9" type="stmt"/>
      <line num="125" count="9" type="stmt"/>
      <line num="126" count="9" type="stmt"/>
      <line num="132" count="9" type="cond" truecount="2" falsecount="0"/>
      <line num="134" count="4" type="stmt"/>
      <line num="139" count="9" type="cond" truecount="2" falsecount="0"/>
      <line num="141" count="4" type="stmt"/>
      <line num="145" count="9" type="stmt"/>
      <line num="151" count="1" type="stmt"/>
    </file>
    <file name="RadixSortConfirm.js" path="/Users/shotayamamoto/Jest/Sort-Algorithm/src/RadixSortConfirm.js">
      <metrics statements="50" coveredstatements="50" conditionals="22" coveredconditionals="22" methods="6" coveredmethods="6"/>
      <line num="2" count="1" type="stmt"/>
      <line num="6" count="6" type="cond" truecount="2" falsecount="0"/>
      <line num="8" count="1" type="stmt"/>
      <line num="11" count="5" type="cond" truecount="2" falsecount="0"/>
      <line num="13" count="1" type="stmt"/>
      <line num="16" count="4" type="cond" truecount="2" falsecount="0"/>
      <line num="18" count="1" type="stmt"/>
      <line num="21" count="3" type="cond" truecount="2" falsecount="0"/>
      <line num="23" count="2" type="stmt"/>
      <line num="28" count="1" type="stmt"/>
      <line num="30" count="1" type="stmt"/>
      <line num="38" count="1" type="stmt"/>
      <line num="40" count="6" type="cond" truecount="2" falsecount="0"/>
      <line num="42" count="5" type="stmt"/>
      <line num="46" count="1" type="stmt"/>
      <line num="48" count="5" type="cond" truecount="2" falsecount="0"/>
      <line num="50" count="4" type="stmt"/>
      <line num="54" count="1" type="stmt"/>
      <line num="56" count="39" type="cond" truecount="2" falsecount="0"/>
      <line num="58" count="38" type="stmt"/>
      <line num="62" count="1" type="stmt"/>
      <line num="64" count="14" type="cond" truecount="2" falsecount="0"/>
      <line num="65" count="13" type="cond" truecount="2" falsecount="0"/>
      <line num="67" count="12" type="stmt"/>
      <line num="72" count="1" type="stmt"/>
      <line num="75" count="1" type="stmt"/>
      <line num="76" count="1" type="stmt"/>
      <line num="77" count="1" type="stmt"/>
      <line num="78" count="1" type="stmt"/>
      <line num="79" count="1" type="stmt"/>
      <line num="83" count="1" type="stmt"/>
      <line num="85" count="12" type="stmt"/>
      <line num="90" count="1" type="stmt"/>
      <line num="94" count="3" type="stmt"/>
      <line num="96" count="30" type="stmt"/>
      <line num="100" count="3" type="stmt"/>
      <line num="103" count="36" type="cond" truecount="2" falsecount="0"/>
      <line num="105" count="12" type="stmt"/>
      <line num="110" count="24" type="stmt"/>
      <line num="111" count="24" type="stmt"/>
      <line num="112" count="24" type="stmt"/>
      <line num="119" count="3" type="stmt"/>
      <line num="122" count="3" type="stmt"/>
      <line num="124" count="30" type="stmt"/>
      <line num="126" count="360" type="cond" truecount="2" falsecount="0"/>
      <line num="128" count="36" type="stmt"/>
      <line num="129" count="36" type="stmt"/>
      <line num="137" count="3" type="stmt"/>
      <line num="141" count="1" type="stmt"/>
      <line num="147" count="1" type="stmt"/>
    </file>
    <file name="SelectionSortConfirm.js" path="/Users/shotayamamoto/Jest/Sort-Algorithm/src/SelectionSortConfirm.js">
      <metrics statements="37" coveredstatements="37" conditionals="20" coveredconditionals="20" methods="6" coveredmethods="6"/>
      <line num="2" count="1" type="stmt"/>
      <line num="6" count="6" type="cond" truecount="2" falsecount="0"/>
      <line num="8" count="1" type="stmt"/>
      <line num="11" count="5" type="cond" truecount="2" falsecount="0"/>
      <line num="13" count="1" type="stmt"/>
      <line num="16" count="4" type="cond" truecount="2" falsecount="0"/>
      <line num="18" count="1" type="stmt"/>
      <line num="21" count="3" type="cond" truecount="2" falsecount="0"/>
      <line num="23" count="2" type="stmt"/>
      <line num="28" count="1" type="stmt"/>
      <line num="30" count="1" type="stmt"/>
      <line num="38" count="1" type="stmt"/>
      <line num="40" count="6" type="cond" truecount="2" falsecount="0"/>
      <line num="42" count="5" type="stmt"/>
      <line num="46" count="1" type="stmt"/>
      <line num="48" count="5" type="cond" truecount="2" falsecount="0"/>
      <line num="50" count="4" type="stmt"/>
      <line num="54" count="1" type="stmt"/>
      <line num="56" count="33" type="cond" truecount="2" falsecount="0"/>
      <line num="58" count="32" type="stmt"/>
      <line num="62" count="1" type="stmt"/>
      <line num="64" count="12" type="cond" truecount="2" falsecount="0"/>
      <line num="65" count="11" type="cond" truecount="2" falsecount="0"/>
      <line num="67" count="10" type="stmt"/>
      <line num="72" count="1" type="stmt"/>
      <line num="76" count="1" type="stmt"/>
      <line num="78" count="9" type="stmt"/>
      <line num="79" count="9" type="stmt"/>
      <line num="81" count="9" type="stmt"/>
      <line num="84" count="45" type="cond" truecount="2" falsecount="0"/>
      <line num="86" count="11" type="stmt"/>
      <line num="87" count="11" type="stmt"/>
      <line num="94" count="9" type="stmt"/>
      <line num="95" count="9" type="stmt"/>
      <line num="96" count="9" type="stmt"/>
      <line num="101" count="1" type="stmt"/>
      <line num="107" count="1" type="stmt"/>
    </file>
    <file name="SortFunctionConfirm.js" path="/Users/shotayamamoto/Jest/Sort-Algorithm/src/SortFunctionConfirm.js">
      <metrics statements="30" coveredstatements="30" conditionals="18" coveredconditionals="18" methods="7" coveredmethods="7"/>
      <line num="2" count="1" type="stmt"/>
      <line num="4" count="6" type="cond" truecount="2" falsecount="0"/>
      <line num="6" count="1" type="stmt"/>
      <line num="9" count="5" type="cond" truecount="2" falsecount="0"/>
      <line num="11" count="1" type="stmt"/>
      <line num="14" count="4" type="cond" truecount="2" falsecount="0"/>
      <line num="16" count="1" type="stmt"/>
      <line num="19" count="3" type="cond" truecount="2" falsecount="0"/>
      <line num="21" count="2" type="stmt"/>
      <line num="26" count="1" type="stmt"/>
      <line num="28" count="1" type="stmt"/>
      <line num="36" count="1" type="stmt"/>
      <line num="38" count="6" type="cond" truecount="2" falsecount="0"/>
      <line num="40" count="5" type="stmt"/>
      <line num="44" count="1" type="stmt"/>
      <line num="46" count="5" type="cond" truecount="2" falsecount="0"/>
      <line num="48" count="4" type="stmt"/>
      <line num="52" count="1" type="stmt"/>
      <line num="54" count="33" type="cond" truecount="2" falsecount="0"/>
      <line num="56" count="32" type="stmt"/>
      <line num="60" count="1" type="stmt"/>
      <line num="62" count="12" type="cond" truecount="2" falsecount="0"/>
      <line num="63" count="11" type="cond" truecount="2" falsecount="0"/>
      <line num="65" count="10" type="stmt"/>
      <line num="70" count="1" type="stmt"/>
      <line num="72" count="1" type="stmt"/>
      <line num="74" count="1" type="stmt"/>
      <line num="78" count="1" type="stmt"/>
      <line num="83" count="22" type="stmt"/>
      <line num="88" count="1" type="stmt"/>
    </file>
  </project>
</coverage>
