{"/Users/shotayamamoto/Jest/Sort-Algorithm/src/BubbleSortConfirm.js": {"path":"/Users/shotayamamoto/Jest/Sort-Algorithm/src/BubbleSortConfirm.js","statementMap":{"0":{"start":{"line":3,"column":26},"end":{"line":36,"column":1}},"1":{"start":{"line":7,"column":2},"end":{"line":33,"column":3}},"2":{"start":{"line":9,"column":4},"end":{"line":9,"column":48}},"3":{"start":{"line":12,"column":8},"end":{"line":33,"column":3}},"4":{"start":{"line":14,"column":4},"end":{"line":14,"column":44}},"5":{"start":{"line":17,"column":8},"end":{"line":33,"column":3}},"6":{"start":{"line":19,"column":4},"end":{"line":19,"column":53}},"7":{"start":{"line":22,"column":8},"end":{"line":33,"column":3}},"8":{"start":{"line":24,"column":4},"end":{"line":24,"column":54}},"9":{"start":{"line":29,"column":17},"end":{"line":29,"column":34}},"10":{"start":{"line":31,"column":4},"end":{"line":31,"column":18}},"11":{"start":{"line":39,"column":28},"end":{"line":45,"column":1}},"12":{"start":{"line":41,"column":2},"end":{"line":41,"column":44}},"13":{"start":{"line":41,"column":32},"end":{"line":41,"column":44}},"14":{"start":{"line":43,"column":2},"end":{"line":43,"column":15}},"15":{"start":{"line":47,"column":19},"end":{"line":53,"column":1}},"16":{"start":{"line":49,"column":2},"end":{"line":49,"column":37}},"17":{"start":{"line":49,"column":25},"end":{"line":49,"column":37}},"18":{"start":{"line":51,"column":2},"end":{"line":51,"column":15}},"19":{"start":{"line":55,"column":28},"end":{"line":61,"column":1}},"20":{"start":{"line":57,"column":2},"end":{"line":57,"column":44}},"21":{"start":{"line":57,"column":32},"end":{"line":57,"column":44}},"22":{"start":{"line":59,"column":2},"end":{"line":59,"column":15}},"23":{"start":{"line":63,"column":19},"end":{"line":70,"column":1}},"24":{"start":{"line":65,"column":2},"end":{"line":65,"column":45}},"25":{"start":{"line":65,"column":33},"end":{"line":65,"column":45}},"26":{"start":{"line":66,"column":2},"end":{"line":66,"column":41}},"27":{"start":{"line":66,"column":29},"end":{"line":66,"column":41}},"28":{"start":{"line":68,"column":2},"end":{"line":68,"column":15}},"29":{"start":{"line":73,"column":19},"end":{"line":98,"column":1}},"30":{"start":{"line":76,"column":2},"end":{"line":93,"column":3}},"31":{"start":{"line":79,"column":4},"end":{"line":91,"column":5}},"32":{"start":{"line":83,"column":6},"end":{"line":89,"column":8}},"33":{"start":{"line":85,"column":20},"end":{"line":85,"column":30}},"34":{"start":{"line":86,"column":10},"end":{"line":86,"column":32}},"35":{"start":{"line":87,"column":10},"end":{"line":87,"column":25}},"36":{"start":{"line":95,"column":2},"end":{"line":95,"column":15}},"37":{"start":{"line":101,"column":0},"end":{"line":101,"column":35}}},"fnMap":{"0":{"name":"(anonymous_0)","decl":{"start":{"line":3,"column":26},"end":{"line":3,"column":27}},"loc":{"start":{"line":3,"column":36},"end":{"line":36,"column":1}},"line":3},"1":{"name":"(anonymous_1)","decl":{"start":{"line":39,"column":28},"end":{"line":39,"column":29}},"loc":{"start":{"line":39,"column":38},"end":{"line":45,"column":1}},"line":39},"2":{"name":"(anonymous_2)","decl":{"start":{"line":47,"column":19},"end":{"line":47,"column":20}},"loc":{"start":{"line":47,"column":29},"end":{"line":53,"column":1}},"line":47},"3":{"name":"(anonymous_3)","decl":{"start":{"line":55,"column":28},"end":{"line":55,"column":29}},"loc":{"start":{"line":55,"column":38},"end":{"line":61,"column":1}},"line":55},"4":{"name":"(anonymous_4)","decl":{"start":{"line":63,"column":19},"end":{"line":63,"column":20}},"loc":{"start":{"line":63,"column":29},"end":{"line":70,"column":1}},"line":63},"5":{"name":"(anonymous_5)","decl":{"start":{"line":73,"column":19},"end":{"line":73,"column":20}},"loc":{"start":{"line":73,"column":29},"end":{"line":98,"column":1}},"line":73}},"branchMap":{"0":{"loc":{"start":{"line":7,"column":2},"end":{"line":33,"column":3}},"type":"if","locations":[{"start":{"line":7,"column":2},"end":{"line":33,"column":3}},{"start":{"line":7,"column":2},"end":{"line":33,"column":3}}],"line":7},"1":{"loc":{"start":{"line":12,"column":8},"end":{"line":33,"column":3}},"type":"if","locations":[{"start":{"line":12,"column":8},"end":{"line":33,"column":3}},{"start":{"line":12,"column":8},"end":{"line":33,"column":3}}],"line":12},"2":{"loc":{"start":{"line":17,"column":8},"end":{"line":33,"column":3}},"type":"if","locations":[{"start":{"line":17,"column":8},"end":{"line":33,"column":3}},{"start":{"line":17,"column":8},"end":{"line":33,"column":3}}],"line":17},"3":{"loc":{"start":{"line":22,"column":8},"end":{"line":33,"column":3}},"type":"if","locations":[{"start":{"line":22,"column":8},"end":{"line":33,"column":3}},{"start":{"line":22,"column":8},"end":{"line":33,"column":3}}],"line":22},"4":{"loc":{"start":{"line":41,"column":2},"end":{"line":41,"column":44}},"type":"if","locations":[{"start":{"line":41,"column":2},"end":{"line":41,"column":44}},{"start":{"line":41,"column":2},"end":{"line":41,"column":44}}],"line":41},"5":{"loc":{"start":{"line":49,"column":2},"end":{"line":49,"column":37}},"type":"if","locations":[{"start":{"line":49,"column":2},"end":{"line":49,"column":37}},{"start":{"line":49,"column":2},"end":{"line":49,"column":37}}],"line":49},"6":{"loc":{"start":{"line":57,"column":2},"end":{"line":57,"column":44}},"type":"if","locations":[{"start":{"line":57,"column":2},"end":{"line":57,"column":44}},{"start":{"line":57,"column":2},"end":{"line":57,"column":44}}],"line":57},"7":{"loc":{"start":{"line":65,"column":2},"end":{"line":65,"column":45}},"type":"if","locations":[{"start":{"line":65,"column":2},"end":{"line":65,"column":45}},{"start":{"line":65,"column":2},"end":{"line":65,"column":45}}],"line":65},"8":{"loc":{"start":{"line":66,"column":2},"end":{"line":66,"column":41}},"type":"if","locations":[{"start":{"line":66,"column":2},"end":{"line":66,"column":41}},{"start":{"line":66,"column":2},"end":{"line":66,"column":41}}],"line":66},"9":{"loc":{"start":{"line":83,"column":6},"end":{"line":89,"column":8}},"type":"if","locations":[{"start":{"line":83,"column":6},"end":{"line":89,"column":8}},{"start":{"line":83,"column":6},"end":{"line":89,"column":8}}],"line":83}},"s":{"0":1,"1":6,"2":1,"3":5,"4":1,"5":4,"6":1,"7":3,"8":2,"9":1,"10":1,"11":1,"12":6,"13":1,"14":5,"15":1,"16":5,"17":1,"18":4,"19":1,"20":33,"21":1,"22":32,"23":1,"24":12,"25":1,"26":11,"27":1,"28":10,"29":1,"30":1,"31":10,"32":55,"33":21,"34":21,"35":21,"36":1,"37":1},"f":{"0":6,"1":6,"2":5,"3":33,"4":12,"5":1},"b":{"0":[1,5],"1":[1,4],"2":[1,3],"3":[2,1],"4":[1,5],"5":[1,4],"6":[1,32],"7":[1,11],"8":[1,10],"9":[21,34]},"_coverageSchema":"1a1c01bbd47fc00a2c39e90264f33305004495a9","hash":"b96ea17a0eb8a98f7e0a9ad524ce9c5b171c8f0d"}
,"/Users/shotayamamoto/Jest/Sort-Algorithm/src/BucketSortConfirm.js": {"path":"/Users/shotayamamoto/Jest/Sort-Algorithm/src/BucketSortConfirm.js","statementMap":{"0":{"start":{"line":1,"column":26},"end":{"line":34,"column":1}},"1":{"start":{"line":5,"column":2},"end":{"line":31,"column":3}},"2":{"start":{"line":7,"column":4},"end":{"line":7,"column":48}},"3":{"start":{"line":10,"column":8},"end":{"line":31,"column":3}},"4":{"start":{"line":12,"column":4},"end":{"line":12,"column":44}},"5":{"start":{"line":15,"column":8},"end":{"line":31,"column":3}},"6":{"start":{"line":17,"column":4},"end":{"line":17,"column":53}},"7":{"start":{"line":20,"column":8},"end":{"line":31,"column":3}},"8":{"start":{"line":22,"column":4},"end":{"line":22,"column":54}},"9":{"start":{"line":27,"column":17},"end":{"line":27,"column":34}},"10":{"start":{"line":29,"column":4},"end":{"line":29,"column":18}},"11":{"start":{"line":37,"column":28},"end":{"line":43,"column":1}},"12":{"start":{"line":39,"column":4},"end":{"line":39,"column":46}},"13":{"start":{"line":39,"column":34},"end":{"line":39,"column":46}},"14":{"start":{"line":41,"column":4},"end":{"line":41,"column":17}},"15":{"start":{"line":45,"column":19},"end":{"line":51,"column":1}},"16":{"start":{"line":47,"column":4},"end":{"line":47,"column":39}},"17":{"start":{"line":47,"column":27},"end":{"line":47,"column":39}},"18":{"start":{"line":49,"column":4},"end":{"line":49,"column":17}},"19":{"start":{"line":53,"column":28},"end":{"line":59,"column":1}},"20":{"start":{"line":55,"column":4},"end":{"line":55,"column":46}},"21":{"start":{"line":55,"column":34},"end":{"line":55,"column":46}},"22":{"start":{"line":57,"column":4},"end":{"line":57,"column":17}},"23":{"start":{"line":61,"column":19},"end":{"line":68,"column":1}},"24":{"start":{"line":63,"column":4},"end":{"line":63,"column":47}},"25":{"start":{"line":63,"column":35},"end":{"line":63,"column":47}},"26":{"start":{"line":64,"column":4},"end":{"line":64,"column":43}},"27":{"start":{"line":64,"column":31},"end":{"line":64,"column":43}},"28":{"start":{"line":66,"column":4},"end":{"line":66,"column":17}},"29":{"start":{"line":71,"column":19},"end":{"line":121,"column":1}},"30":{"start":{"line":74,"column":20},"end":{"line":74,"column":22}},"31":{"start":{"line":75,"column":21},"end":{"line":75,"column":23}},"32":{"start":{"line":76,"column":18},"end":{"line":76,"column":19}},"33":{"start":{"line":77,"column":19},"end":{"line":77,"column":20}},"34":{"start":{"line":80,"column":2},"end":{"line":84,"column":3}},"35":{"start":{"line":82,"column":6},"end":{"line":82,"column":25}},"36":{"start":{"line":87,"column":2},"end":{"line":91,"column":3}},"37":{"start":{"line":89,"column":6},"end":{"line":89,"column":26}},"38":{"start":{"line":95,"column":2},"end":{"line":100,"column":3}},"39":{"start":{"line":97,"column":6},"end":{"line":97,"column":27}},"40":{"start":{"line":98,"column":6},"end":{"line":98,"column":31}},"41":{"start":{"line":103,"column":2},"end":{"line":116,"column":5}},"42":{"start":{"line":105,"column":6},"end":{"line":114,"column":8}},"43":{"start":{"line":107,"column":7},"end":{"line":112,"column":12}},"44":{"start":{"line":109,"column":14},"end":{"line":109,"column":43}},"45":{"start":{"line":110,"column":14},"end":{"line":110,"column":27}},"46":{"start":{"line":118,"column":4},"end":{"line":118,"column":24}},"47":{"start":{"line":124,"column":0},"end":{"line":124,"column":35}}},"fnMap":{"0":{"name":"(anonymous_0)","decl":{"start":{"line":1,"column":26},"end":{"line":1,"column":27}},"loc":{"start":{"line":1,"column":36},"end":{"line":34,"column":1}},"line":1},"1":{"name":"(anonymous_1)","decl":{"start":{"line":37,"column":28},"end":{"line":37,"column":29}},"loc":{"start":{"line":37,"column":38},"end":{"line":43,"column":1}},"line":37},"2":{"name":"(anonymous_2)","decl":{"start":{"line":45,"column":19},"end":{"line":45,"column":20}},"loc":{"start":{"line":45,"column":29},"end":{"line":51,"column":1}},"line":45},"3":{"name":"(anonymous_3)","decl":{"start":{"line":53,"column":28},"end":{"line":53,"column":29}},"loc":{"start":{"line":53,"column":38},"end":{"line":59,"column":1}},"line":53},"4":{"name":"(anonymous_4)","decl":{"start":{"line":61,"column":19},"end":{"line":61,"column":20}},"loc":{"start":{"line":61,"column":29},"end":{"line":68,"column":1}},"line":61},"5":{"name":"(anonymous_5)","decl":{"start":{"line":71,"column":19},"end":{"line":71,"column":20}},"loc":{"start":{"line":71,"column":29},"end":{"line":121,"column":1}},"line":71}},"branchMap":{"0":{"loc":{"start":{"line":5,"column":2},"end":{"line":31,"column":3}},"type":"if","locations":[{"start":{"line":5,"column":2},"end":{"line":31,"column":3}},{"start":{"line":5,"column":2},"end":{"line":31,"column":3}}],"line":5},"1":{"loc":{"start":{"line":10,"column":8},"end":{"line":31,"column":3}},"type":"if","locations":[{"start":{"line":10,"column":8},"end":{"line":31,"column":3}},{"start":{"line":10,"column":8},"end":{"line":31,"column":3}}],"line":10},"2":{"loc":{"start":{"line":15,"column":8},"end":{"line":31,"column":3}},"type":"if","locations":[{"start":{"line":15,"column":8},"end":{"line":31,"column":3}},{"start":{"line":15,"column":8},"end":{"line":31,"column":3}}],"line":15},"3":{"loc":{"start":{"line":20,"column":8},"end":{"line":31,"column":3}},"type":"if","locations":[{"start":{"line":20,"column":8},"end":{"line":31,"column":3}},{"start":{"line":20,"column":8},"end":{"line":31,"column":3}}],"line":20},"4":{"loc":{"start":{"line":39,"column":4},"end":{"line":39,"column":46}},"type":"if","locations":[{"start":{"line":39,"column":4},"end":{"line":39,"column":46}},{"start":{"line":39,"column":4},"end":{"line":39,"column":46}}],"line":39},"5":{"loc":{"start":{"line":47,"column":4},"end":{"line":47,"column":39}},"type":"if","locations":[{"start":{"line":47,"column":4},"end":{"line":47,"column":39}},{"start":{"line":47,"column":4},"end":{"line":47,"column":39}}],"line":47},"6":{"loc":{"start":{"line":55,"column":4},"end":{"line":55,"column":46}},"type":"if","locations":[{"start":{"line":55,"column":4},"end":{"line":55,"column":46}},{"start":{"line":55,"column":4},"end":{"line":55,"column":46}}],"line":55},"7":{"loc":{"start":{"line":63,"column":4},"end":{"line":63,"column":47}},"type":"if","locations":[{"start":{"line":63,"column":4},"end":{"line":63,"column":47}},{"start":{"line":63,"column":4},"end":{"line":63,"column":47}}],"line":63},"8":{"loc":{"start":{"line":64,"column":4},"end":{"line":64,"column":43}},"type":"if","locations":[{"start":{"line":64,"column":4},"end":{"line":64,"column":43}},{"start":{"line":64,"column":4},"end":{"line":64,"column":43}}],"line":64},"9":{"loc":{"start":{"line":105,"column":6},"end":{"line":114,"column":8}},"type":"if","locations":[{"start":{"line":105,"column":6},"end":{"line":114,"column":8}},{"start":{"line":105,"column":6},"end":{"line":114,"column":8}}],"line":105}},"s":{"0":1,"1":7,"2":1,"3":6,"4":1,"5":5,"6":1,"7":4,"8":2,"9":2,"10":2,"11":1,"12":7,"13":1,"14":6,"15":1,"16":6,"17":1,"18":5,"19":1,"20":36,"21":1,"22":35,"23":1,"24":15,"25":1,"26":14,"27":1,"28":13,"29":1,"30":2,"31":2,"32":2,"33":2,"34":2,"35":14,"36":2,"37":13,"38":2,"39":14,"40":14,"41":2,"42":14,"43":13,"44":13,"45":13,"46":2,"47":1},"f":{"0":7,"1":7,"2":6,"3":36,"4":15,"5":2},"b":{"0":[1,6],"1":[1,5],"2":[1,4],"3":[2,2],"4":[1,6],"5":[1,5],"6":[1,35],"7":[1,14],"8":[1,13],"9":[13,1]},"_coverageSchema":"1a1c01bbd47fc00a2c39e90264f33305004495a9","hash":"c58ecb182c06be01e242b9ecebd0d93b6f8cd93a"}
,"/Users/shotayamamoto/Jest/Sort-Algorithm/src/HeapSortConfirm.js": {"path":"/Users/shotayamamoto/Jest/Sort-Algorithm/src/HeapSortConfirm.js","statementMap":{"0":{"start":{"line":3,"column":24},"end":{"line":36,"column":1}},"1":{"start":{"line":7,"column":2},"end":{"line":33,"column":3}},"2":{"start":{"line":9,"column":4},"end":{"line":9,"column":48}},"3":{"start":{"line":12,"column":8},"end":{"line":33,"column":3}},"4":{"start":{"line":14,"column":4},"end":{"line":14,"column":44}},"5":{"start":{"line":17,"column":8},"end":{"line":33,"column":3}},"6":{"start":{"line":19,"column":4},"end":{"line":19,"column":53}},"7":{"start":{"line":22,"column":8},"end":{"line":33,"column":3}},"8":{"start":{"line":24,"column":4},"end":{"line":24,"column":54}},"9":{"start":{"line":29,"column":17},"end":{"line":29,"column":32}},"10":{"start":{"line":31,"column":4},"end":{"line":31,"column":18}},"11":{"start":{"line":39,"column":28},"end":{"line":45,"column":1}},"12":{"start":{"line":41,"column":2},"end":{"line":41,"column":44}},"13":{"start":{"line":41,"column":32},"end":{"line":41,"column":44}},"14":{"start":{"line":43,"column":2},"end":{"line":43,"column":15}},"15":{"start":{"line":47,"column":19},"end":{"line":53,"column":1}},"16":{"start":{"line":49,"column":2},"end":{"line":49,"column":37}},"17":{"start":{"line":49,"column":25},"end":{"line":49,"column":37}},"18":{"start":{"line":51,"column":2},"end":{"line":51,"column":15}},"19":{"start":{"line":55,"column":28},"end":{"line":61,"column":1}},"20":{"start":{"line":57,"column":2},"end":{"line":57,"column":44}},"21":{"start":{"line":57,"column":32},"end":{"line":57,"column":44}},"22":{"start":{"line":59,"column":2},"end":{"line":59,"column":15}},"23":{"start":{"line":63,"column":19},"end":{"line":70,"column":1}},"24":{"start":{"line":65,"column":2},"end":{"line":65,"column":45}},"25":{"start":{"line":65,"column":33},"end":{"line":65,"column":45}},"26":{"start":{"line":66,"column":2},"end":{"line":66,"column":41}},"27":{"start":{"line":66,"column":29},"end":{"line":66,"column":41}},"28":{"start":{"line":68,"column":2},"end":{"line":68,"column":15}},"29":{"start":{"line":72,"column":17},"end":{"line":111,"column":1}},"30":{"start":{"line":76,"column":21},"end":{"line":76,"column":23}},"31":{"start":{"line":78,"column":2},"end":{"line":82,"column":3}},"32":{"start":{"line":80,"column":4},"end":{"line":80,"column":24}},"33":{"start":{"line":85,"column":13},"end":{"line":85,"column":25}},"34":{"start":{"line":86,"column":17},"end":{"line":86,"column":18}},"35":{"start":{"line":89,"column":2},"end":{"line":106,"column":5}},"36":{"start":{"line":92,"column":5},"end":{"line":92,"column":47}},"37":{"start":{"line":94,"column":5},"end":{"line":98,"column":7}},"38":{"start":{"line":96,"column":9},"end":{"line":96,"column":36}},"39":{"start":{"line":101,"column":6},"end":{"line":101,"column":48}},"40":{"start":{"line":102,"column":6},"end":{"line":102,"column":20}},"41":{"start":{"line":103,"column":6},"end":{"line":103,"column":45}},"42":{"start":{"line":104,"column":6},"end":{"line":104,"column":18}},"43":{"start":{"line":108,"column":2},"end":{"line":108,"column":22}},"44":{"start":{"line":114,"column":13},"end":{"line":147,"column":1}},"45":{"start":{"line":118,"column":11},"end":{"line":118,"column":20}},"46":{"start":{"line":119,"column":11},"end":{"line":119,"column":20}},"47":{"start":{"line":120,"column":13},"end":{"line":120,"column":14}},"48":{"start":{"line":123,"column":3},"end":{"line":131,"column":4}},"49":{"start":{"line":125,"column":18},"end":{"line":125,"column":19}},"50":{"start":{"line":127,"column":8},"end":{"line":127,"column":23}},"51":{"start":{"line":128,"column":8},"end":{"line":128,"column":30}},"52":{"start":{"line":129,"column":8},"end":{"line":129,"column":24}},"53":{"start":{"line":134,"column":3},"end":{"line":142,"column":4}},"54":{"start":{"line":136,"column":17},"end":{"line":136,"column":18}},"55":{"start":{"line":138,"column":7},"end":{"line":138,"column":22}},"56":{"start":{"line":139,"column":7},"end":{"line":139,"column":29}},"57":{"start":{"line":140,"column":7},"end":{"line":140,"column":23}},"58":{"start":{"line":144,"column":6},"end":{"line":144,"column":19}},"59":{"start":{"line":150,"column":0},"end":{"line":150,"column":33}}},"fnMap":{"0":{"name":"(anonymous_0)","decl":{"start":{"line":3,"column":24},"end":{"line":3,"column":25}},"loc":{"start":{"line":3,"column":34},"end":{"line":36,"column":1}},"line":3},"1":{"name":"(anonymous_1)","decl":{"start":{"line":39,"column":28},"end":{"line":39,"column":29}},"loc":{"start":{"line":39,"column":38},"end":{"line":45,"column":1}},"line":39},"2":{"name":"(anonymous_2)","decl":{"start":{"line":47,"column":19},"end":{"line":47,"column":20}},"loc":{"start":{"line":47,"column":29},"end":{"line":53,"column":1}},"line":47},"3":{"name":"(anonymous_3)","decl":{"start":{"line":55,"column":28},"end":{"line":55,"column":29}},"loc":{"start":{"line":55,"column":38},"end":{"line":61,"column":1}},"line":55},"4":{"name":"(anonymous_4)","decl":{"start":{"line":63,"column":19},"end":{"line":63,"column":20}},"loc":{"start":{"line":63,"column":29},"end":{"line":70,"column":1}},"line":63},"5":{"name":"(anonymous_5)","decl":{"start":{"line":72,"column":17},"end":{"line":72,"column":18}},"loc":{"start":{"line":72,"column":27},"end":{"line":111,"column":1}},"line":72},"6":{"name":"(anonymous_6)","decl":{"start":{"line":114,"column":13},"end":{"line":114,"column":14}},"loc":{"start":{"line":114,"column":32},"end":{"line":147,"column":1}},"line":114}},"branchMap":{"0":{"loc":{"start":{"line":7,"column":2},"end":{"line":33,"column":3}},"type":"if","locations":[{"start":{"line":7,"column":2},"end":{"line":33,"column":3}},{"start":{"line":7,"column":2},"end":{"line":33,"column":3}}],"line":7},"1":{"loc":{"start":{"line":12,"column":8},"end":{"line":33,"column":3}},"type":"if","locations":[{"start":{"line":12,"column":8},"end":{"line":33,"column":3}},{"start":{"line":12,"column":8},"end":{"line":33,"column":3}}],"line":12},"2":{"loc":{"start":{"line":17,"column":8},"end":{"line":33,"column":3}},"type":"if","locations":[{"start":{"line":17,"column":8},"end":{"line":33,"column":3}},{"start":{"line":17,"column":8},"end":{"line":33,"column":3}}],"line":17},"3":{"loc":{"start":{"line":22,"column":8},"end":{"line":33,"column":3}},"type":"if","locations":[{"start":{"line":22,"column":8},"end":{"line":33,"column":3}},{"start":{"line":22,"column":8},"end":{"line":33,"column":3}}],"line":22},"4":{"loc":{"start":{"line":41,"column":2},"end":{"line":41,"column":44}},"type":"if","locations":[{"start":{"line":41,"column":2},"end":{"line":41,"column":44}},{"start":{"line":41,"column":2},"end":{"line":41,"column":44}}],"line":41},"5":{"loc":{"start":{"line":49,"column":2},"end":{"line":49,"column":37}},"type":"if","locations":[{"start":{"line":49,"column":2},"end":{"line":49,"column":37}},{"start":{"line":49,"column":2},"end":{"line":49,"column":37}}],"line":49},"6":{"loc":{"start":{"line":57,"column":2},"end":{"line":57,"column":44}},"type":"if","locations":[{"start":{"line":57,"column":2},"end":{"line":57,"column":44}},{"start":{"line":57,"column":2},"end":{"line":57,"column":44}}],"line":57},"7":{"loc":{"start":{"line":65,"column":2},"end":{"line":65,"column":45}},"type":"if","locations":[{"start":{"line":65,"column":2},"end":{"line":65,"column":45}},{"start":{"line":65,"column":2},"end":{"line":65,"column":45}}],"line":65},"8":{"loc":{"start":{"line":66,"column":2},"end":{"line":66,"column":41}},"type":"if","locations":[{"start":{"line":66,"column":2},"end":{"line":66,"column":41}},{"start":{"line":66,"column":2},"end":{"line":66,"column":41}}],"line":66},"9":{"loc":{"start":{"line":123,"column":3},"end":{"line":131,"column":4}},"type":"if","locations":[{"start":{"line":123,"column":3},"end":{"line":131,"column":4}},{"start":{"line":123,"column":3},"end":{"line":131,"column":4}}],"line":123},"10":{"loc":{"start":{"line":123,"column":6},"end":{"line":123,"column":41}},"type":"binary-expr","locations":[{"start":{"line":123,"column":6},"end":{"line":123,"column":16}},{"start":{"line":123,"column":20},"end":{"line":123,"column":41}}],"line":123},"11":{"loc":{"start":{"line":134,"column":3},"end":{"line":142,"column":4}},"type":"if","locations":[{"start":{"line":134,"column":3},"end":{"line":142,"column":4}},{"start":{"line":134,"column":3},"end":{"line":142,"column":4}}],"line":134},"12":{"loc":{"start":{"line":134,"column":6},"end":{"line":134,"column":41}},"type":"binary-expr","locations":[{"start":{"line":134,"column":6},"end":{"line":134,"column":16}},{"start":{"line":134,"column":20},"end":{"line":134,"column":41}}],"line":134}},"s":{"0":1,"1":6,"2":1,"3":5,"4":1,"5":4,"6":1,"7":3,"8":2,"9":1,"10":1,"11":1,"12":6,"13":1,"14":5,"15":1,"16":5,"17":1,"18":4,"19":1,"20":33,"21":1,"22":32,"23":1,"24":12,"25":1,"26":11,"27":1,"28":10,"29":1,"30":1,"31":1,"32":10,"33":1,"34":1,"35":1,"36":9,"37":9,"38":25,"39":9,"40":9,"41":9,"42":9,"43":1,"44":1,"45":25,"46":25,"47":25,"48":25,"49":14,"50":14,"51":14,"52":14,"53":25,"54":14,"55":14,"56":14,"57":14,"58":25,"59":1},"f":{"0":6,"1":6,"2":5,"3":33,"4":12,"5":1,"6":25},"b":{"0":[1,5],"1":[1,4],"2":[1,3],"3":[2,1],"4":[1,5],"5":[1,4],"6":[1,32],"7":[1,11],"8":[1,10],"9":[14,11],"10":[25,25],"11":[14,11],"12":[25,20]},"_coverageSchema":"1a1c01bbd47fc00a2c39e90264f33305004495a9","hash":"fff7c04aed19d82f4c69f605ef3f1e958d9761f9"}
,"/Users/shotayamamoto/Jest/Sort-Algorithm/src/InsertionSortConfirm.js": {"path":"/Users/shotayamamoto/Jest/Sort-Algorithm/src/InsertionSortConfirm.js","statementMap":{"0":{"start":{"line":2,"column":30},"end":{"line":35,"column":1}},"1":{"start":{"line":6,"column":2},"end":{"line":32,"column":3}},"2":{"start":{"line":8,"column":4},"end":{"line":8,"column":48}},"3":{"start":{"line":11,"column":8},"end":{"line":32,"column":3}},"4":{"start":{"line":13,"column":4},"end":{"line":13,"column":44}},"5":{"start":{"line":16,"column":8},"end":{"line":32,"column":3}},"6":{"start":{"line":18,"column":4},"end":{"line":18,"column":53}},"7":{"start":{"line":21,"column":8},"end":{"line":32,"column":3}},"8":{"start":{"line":23,"column":4},"end":{"line":23,"column":54}},"9":{"start":{"line":28,"column":17},"end":{"line":28,"column":37}},"10":{"start":{"line":30,"column":4},"end":{"line":30,"column":18}},"11":{"start":{"line":38,"column":28},"end":{"line":44,"column":1}},"12":{"start":{"line":40,"column":2},"end":{"line":40,"column":44}},"13":{"start":{"line":40,"column":32},"end":{"line":40,"column":44}},"14":{"start":{"line":42,"column":2},"end":{"line":42,"column":15}},"15":{"start":{"line":46,"column":19},"end":{"line":52,"column":1}},"16":{"start":{"line":48,"column":2},"end":{"line":48,"column":37}},"17":{"start":{"line":48,"column":25},"end":{"line":48,"column":37}},"18":{"start":{"line":50,"column":2},"end":{"line":50,"column":15}},"19":{"start":{"line":54,"column":28},"end":{"line":60,"column":1}},"20":{"start":{"line":56,"column":2},"end":{"line":56,"column":44}},"21":{"start":{"line":56,"column":32},"end":{"line":56,"column":44}},"22":{"start":{"line":58,"column":2},"end":{"line":58,"column":15}},"23":{"start":{"line":62,"column":19},"end":{"line":69,"column":1}},"24":{"start":{"line":64,"column":2},"end":{"line":64,"column":45}},"25":{"start":{"line":64,"column":33},"end":{"line":64,"column":45}},"26":{"start":{"line":65,"column":2},"end":{"line":65,"column":41}},"27":{"start":{"line":65,"column":29},"end":{"line":65,"column":41}},"28":{"start":{"line":67,"column":2},"end":{"line":67,"column":15}},"29":{"start":{"line":72,"column":22},"end":{"line":105,"column":1}},"30":{"start":{"line":75,"column":2},"end":{"line":100,"column":3}},"31":{"start":{"line":78,"column":16},"end":{"line":78,"column":17}},"32":{"start":{"line":80,"column":4},"end":{"line":98,"column":5}},"33":{"start":{"line":83,"column":6},"end":{"line":96,"column":7}},"34":{"start":{"line":85,"column":9},"end":{"line":85,"column":15}},"35":{"start":{"line":90,"column":18},"end":{"line":90,"column":30}},"36":{"start":{"line":91,"column":8},"end":{"line":91,"column":32}},"37":{"start":{"line":92,"column":8},"end":{"line":92,"column":23}},"38":{"start":{"line":94,"column":8},"end":{"line":94,"column":16}},"39":{"start":{"line":102,"column":2},"end":{"line":102,"column":15}},"40":{"start":{"line":108,"column":0},"end":{"line":108,"column":38}}},"fnMap":{"0":{"name":"(anonymous_0)","decl":{"start":{"line":2,"column":30},"end":{"line":2,"column":31}},"loc":{"start":{"line":2,"column":40},"end":{"line":35,"column":1}},"line":2},"1":{"name":"(anonymous_1)","decl":{"start":{"line":38,"column":28},"end":{"line":38,"column":29}},"loc":{"start":{"line":38,"column":38},"end":{"line":44,"column":1}},"line":38},"2":{"name":"(anonymous_2)","decl":{"start":{"line":46,"column":19},"end":{"line":46,"column":20}},"loc":{"start":{"line":46,"column":29},"end":{"line":52,"column":1}},"line":46},"3":{"name":"(anonymous_3)","decl":{"start":{"line":54,"column":28},"end":{"line":54,"column":29}},"loc":{"start":{"line":54,"column":38},"end":{"line":60,"column":1}},"line":54},"4":{"name":"(anonymous_4)","decl":{"start":{"line":62,"column":19},"end":{"line":62,"column":20}},"loc":{"start":{"line":62,"column":29},"end":{"line":69,"column":1}},"line":62},"5":{"name":"(anonymous_5)","decl":{"start":{"line":72,"column":22},"end":{"line":72,"column":23}},"loc":{"start":{"line":72,"column":32},"end":{"line":105,"column":1}},"line":72}},"branchMap":{"0":{"loc":{"start":{"line":6,"column":2},"end":{"line":32,"column":3}},"type":"if","locations":[{"start":{"line":6,"column":2},"end":{"line":32,"column":3}},{"start":{"line":6,"column":2},"end":{"line":32,"column":3}}],"line":6},"1":{"loc":{"start":{"line":11,"column":8},"end":{"line":32,"column":3}},"type":"if","locations":[{"start":{"line":11,"column":8},"end":{"line":32,"column":3}},{"start":{"line":11,"column":8},"end":{"line":32,"column":3}}],"line":11},"2":{"loc":{"start":{"line":16,"column":8},"end":{"line":32,"column":3}},"type":"if","locations":[{"start":{"line":16,"column":8},"end":{"line":32,"column":3}},{"start":{"line":16,"column":8},"end":{"line":32,"column":3}}],"line":16},"3":{"loc":{"start":{"line":21,"column":8},"end":{"line":32,"column":3}},"type":"if","locations":[{"start":{"line":21,"column":8},"end":{"line":32,"column":3}},{"start":{"line":21,"column":8},"end":{"line":32,"column":3}}],"line":21},"4":{"loc":{"start":{"line":40,"column":2},"end":{"line":40,"column":44}},"type":"if","locations":[{"start":{"line":40,"column":2},"end":{"line":40,"column":44}},{"start":{"line":40,"column":2},"end":{"line":40,"column":44}}],"line":40},"5":{"loc":{"start":{"line":48,"column":2},"end":{"line":48,"column":37}},"type":"if","locations":[{"start":{"line":48,"column":2},"end":{"line":48,"column":37}},{"start":{"line":48,"column":2},"end":{"line":48,"column":37}}],"line":48},"6":{"loc":{"start":{"line":56,"column":2},"end":{"line":56,"column":44}},"type":"if","locations":[{"start":{"line":56,"column":2},"end":{"line":56,"column":44}},{"start":{"line":56,"column":2},"end":{"line":56,"column":44}}],"line":56},"7":{"loc":{"start":{"line":64,"column":2},"end":{"line":64,"column":45}},"type":"if","locations":[{"start":{"line":64,"column":2},"end":{"line":64,"column":45}},{"start":{"line":64,"column":2},"end":{"line":64,"column":45}}],"line":64},"8":{"loc":{"start":{"line":65,"column":2},"end":{"line":65,"column":41}},"type":"if","locations":[{"start":{"line":65,"column":2},"end":{"line":65,"column":41}},{"start":{"line":65,"column":2},"end":{"line":65,"column":41}}],"line":65},"9":{"loc":{"start":{"line":83,"column":6},"end":{"line":96,"column":7}},"type":"if","locations":[{"start":{"line":83,"column":6},"end":{"line":96,"column":7}},{"start":{"line":83,"column":6},"end":{"line":96,"column":7}}],"line":83}},"s":{"0":1,"1":6,"2":1,"3":5,"4":1,"5":4,"6":1,"7":3,"8":2,"9":1,"10":1,"11":1,"12":6,"13":1,"14":5,"15":1,"16":5,"17":1,"18":4,"19":1,"20":33,"21":1,"22":32,"23":1,"24":12,"25":1,"26":11,"27":1,"28":10,"29":1,"30":1,"31":9,"32":9,"33":28,"34":7,"35":21,"36":21,"37":21,"38":21,"39":1,"40":1},"f":{"0":6,"1":6,"2":5,"3":33,"4":12,"5":1},"b":{"0":[1,5],"1":[1,4],"2":[1,3],"3":[2,1],"4":[1,5],"5":[1,4],"6":[1,32],"7":[1,11],"8":[1,10],"9":[7,21]},"_coverageSchema":"1a1c01bbd47fc00a2c39e90264f33305004495a9","hash":"c9d5bdd887fbbb3ce4b6846487fe5322c887eb90"}
,"/Users/shotayamamoto/Jest/Sort-Algorithm/src/MergeSortConfirm.js": {"path":"/Users/shotayamamoto/Jest/Sort-Algorithm/src/MergeSortConfirm.js","statementMap":{"0":{"start":{"line":2,"column":25},"end":{"line":35,"column":1}},"1":{"start":{"line":6,"column":2},"end":{"line":32,"column":3}},"2":{"start":{"line":8,"column":4},"end":{"line":8,"column":48}},"3":{"start":{"line":11,"column":8},"end":{"line":32,"column":3}},"4":{"start":{"line":13,"column":4},"end":{"line":13,"column":44}},"5":{"start":{"line":16,"column":8},"end":{"line":32,"column":3}},"6":{"start":{"line":18,"column":4},"end":{"line":18,"column":53}},"7":{"start":{"line":21,"column":8},"end":{"line":32,"column":3}},"8":{"start":{"line":23,"column":4},"end":{"line":23,"column":53}},"9":{"start":{"line":28,"column":17},"end":{"line":28,"column":33}},"10":{"start":{"line":30,"column":4},"end":{"line":30,"column":18}},"11":{"start":{"line":38,"column":28},"end":{"line":44,"column":1}},"12":{"start":{"line":40,"column":2},"end":{"line":40,"column":44}},"13":{"start":{"line":40,"column":32},"end":{"line":40,"column":44}},"14":{"start":{"line":42,"column":2},"end":{"line":42,"column":15}},"15":{"start":{"line":46,"column":19},"end":{"line":52,"column":1}},"16":{"start":{"line":48,"column":2},"end":{"line":48,"column":37}},"17":{"start":{"line":48,"column":25},"end":{"line":48,"column":37}},"18":{"start":{"line":50,"column":2},"end":{"line":50,"column":15}},"19":{"start":{"line":54,"column":28},"end":{"line":60,"column":1}},"20":{"start":{"line":56,"column":2},"end":{"line":56,"column":44}},"21":{"start":{"line":56,"column":32},"end":{"line":56,"column":44}},"22":{"start":{"line":58,"column":2},"end":{"line":58,"column":15}},"23":{"start":{"line":62,"column":19},"end":{"line":69,"column":1}},"24":{"start":{"line":64,"column":2},"end":{"line":64,"column":45}},"25":{"start":{"line":64,"column":33},"end":{"line":64,"column":45}},"26":{"start":{"line":65,"column":2},"end":{"line":65,"column":41}},"27":{"start":{"line":65,"column":29},"end":{"line":65,"column":41}},"28":{"start":{"line":67,"column":2},"end":{"line":67,"column":15}},"29":{"start":{"line":73,"column":18},"end":{"line":90,"column":1}},"30":{"start":{"line":76,"column":2},"end":{"line":80,"column":3}},"31":{"start":{"line":78,"column":4},"end":{"line":78,"column":17}},"32":{"start":{"line":82,"column":15},"end":{"line":82,"column":41}},"33":{"start":{"line":83,"column":13},"end":{"line":83,"column":34}},"34":{"start":{"line":84,"column":14},"end":{"line":84,"column":46}},"35":{"start":{"line":87,"column":2},"end":{"line":87,"column":67}},"36":{"start":{"line":93,"column":18},"end":{"line":132,"column":1}},"37":{"start":{"line":97,"column":23},"end":{"line":97,"column":25}},"38":{"start":{"line":102,"column":2},"end":{"line":114,"column":3}},"39":{"start":{"line":104,"column":4},"end":{"line":112,"column":5}},"40":{"start":{"line":106,"column":6},"end":{"line":106,"column":40}},"41":{"start":{"line":110,"column":6},"end":{"line":110,"column":41}},"42":{"start":{"line":117,"column":2},"end":{"line":121,"column":3}},"43":{"start":{"line":119,"column":6},"end":{"line":119,"column":40}},"44":{"start":{"line":123,"column":2},"end":{"line":127,"column":3}},"45":{"start":{"line":125,"column":4},"end":{"line":125,"column":39}},"46":{"start":{"line":129,"column":4},"end":{"line":129,"column":26}},"47":{"start":{"line":135,"column":0},"end":{"line":135,"column":34}}},"fnMap":{"0":{"name":"(anonymous_0)","decl":{"start":{"line":2,"column":25},"end":{"line":2,"column":26}},"loc":{"start":{"line":2,"column":35},"end":{"line":35,"column":1}},"line":2},"1":{"name":"(anonymous_1)","decl":{"start":{"line":38,"column":28},"end":{"line":38,"column":29}},"loc":{"start":{"line":38,"column":38},"end":{"line":44,"column":1}},"line":38},"2":{"name":"(anonymous_2)","decl":{"start":{"line":46,"column":19},"end":{"line":46,"column":20}},"loc":{"start":{"line":46,"column":29},"end":{"line":52,"column":1}},"line":46},"3":{"name":"(anonymous_3)","decl":{"start":{"line":54,"column":28},"end":{"line":54,"column":29}},"loc":{"start":{"line":54,"column":38},"end":{"line":60,"column":1}},"line":54},"4":{"name":"(anonymous_4)","decl":{"start":{"line":62,"column":19},"end":{"line":62,"column":20}},"loc":{"start":{"line":62,"column":29},"end":{"line":69,"column":1}},"line":62},"5":{"name":"(anonymous_5)","decl":{"start":{"line":73,"column":18},"end":{"line":73,"column":19}},"loc":{"start":{"line":73,"column":28},"end":{"line":90,"column":1}},"line":73},"6":{"name":"(anonymous_6)","decl":{"start":{"line":93,"column":18},"end":{"line":93,"column":19}},"loc":{"start":{"line":93,"column":34},"end":{"line":132,"column":1}},"line":93}},"branchMap":{"0":{"loc":{"start":{"line":6,"column":2},"end":{"line":32,"column":3}},"type":"if","locations":[{"start":{"line":6,"column":2},"end":{"line":32,"column":3}},{"start":{"line":6,"column":2},"end":{"line":32,"column":3}}],"line":6},"1":{"loc":{"start":{"line":11,"column":8},"end":{"line":32,"column":3}},"type":"if","locations":[{"start":{"line":11,"column":8},"end":{"line":32,"column":3}},{"start":{"line":11,"column":8},"end":{"line":32,"column":3}}],"line":11},"2":{"loc":{"start":{"line":16,"column":8},"end":{"line":32,"column":3}},"type":"if","locations":[{"start":{"line":16,"column":8},"end":{"line":32,"column":3}},{"start":{"line":16,"column":8},"end":{"line":32,"column":3}}],"line":16},"3":{"loc":{"start":{"line":21,"column":8},"end":{"line":32,"column":3}},"type":"if","locations":[{"start":{"line":21,"column":8},"end":{"line":32,"column":3}},{"start":{"line":21,"column":8},"end":{"line":32,"column":3}}],"line":21},"4":{"loc":{"start":{"line":40,"column":2},"end":{"line":40,"column":44}},"type":"if","locations":[{"start":{"line":40,"column":2},"end":{"line":40,"column":44}},{"start":{"line":40,"column":2},"end":{"line":40,"column":44}}],"line":40},"5":{"loc":{"start":{"line":48,"column":2},"end":{"line":48,"column":37}},"type":"if","locations":[{"start":{"line":48,"column":2},"end":{"line":48,"column":37}},{"start":{"line":48,"column":2},"end":{"line":48,"column":37}}],"line":48},"6":{"loc":{"start":{"line":56,"column":2},"end":{"line":56,"column":44}},"type":"if","locations":[{"start":{"line":56,"column":2},"end":{"line":56,"column":44}},{"start":{"line":56,"column":2},"end":{"line":56,"column":44}}],"line":56},"7":{"loc":{"start":{"line":64,"column":2},"end":{"line":64,"column":45}},"type":"if","locations":[{"start":{"line":64,"column":2},"end":{"line":64,"column":45}},{"start":{"line":64,"column":2},"end":{"line":64,"column":45}}],"line":64},"8":{"loc":{"start":{"line":65,"column":2},"end":{"line":65,"column":41}},"type":"if","locations":[{"start":{"line":65,"column":2},"end":{"line":65,"column":41}},{"start":{"line":65,"column":2},"end":{"line":65,"column":41}}],"line":65},"9":{"loc":{"start":{"line":76,"column":2},"end":{"line":80,"column":3}},"type":"if","locations":[{"start":{"line":76,"column":2},"end":{"line":80,"column":3}},{"start":{"line":76,"column":2},"end":{"line":80,"column":3}}],"line":76},"10":{"loc":{"start":{"line":102,"column":8},"end":{"line":102,"column":35}},"type":"binary-expr","locations":[{"start":{"line":102,"column":8},"end":{"line":102,"column":19}},{"start":{"line":102,"column":23},"end":{"line":102,"column":35}}],"line":102},"11":{"loc":{"start":{"line":104,"column":4},"end":{"line":112,"column":5}},"type":"if","locations":[{"start":{"line":104,"column":4},"end":{"line":112,"column":5}},{"start":{"line":104,"column":4},"end":{"line":112,"column":5}}],"line":104}},"s":{"0":1,"1":24,"2":1,"3":23,"4":1,"5":22,"6":1,"7":21,"8":2,"9":19,"10":19,"11":1,"12":24,"13":1,"14":23,"15":1,"16":23,"17":1,"18":22,"19":1,"20":67,"21":1,"22":66,"23":1,"24":46,"25":1,"26":45,"27":1,"28":44,"29":1,"30":19,"31":10,"32":9,"33":9,"34":9,"35":9,"36":1,"37":9,"38":9,"39":25,"40":12,"41":13,"42":9,"43":3,"44":9,"45":6,"46":9,"47":1},"f":{"0":24,"1":24,"2":23,"3":67,"4":46,"5":19,"6":9},"b":{"0":[1,23],"1":[1,22],"2":[1,21],"3":[2,19],"4":[1,23],"5":[1,22],"6":[1,66],"7":[1,45],"8":[1,44],"9":[10,9],"10":[34,28],"11":[12,13]},"_coverageSchema":"1a1c01bbd47fc00a2c39e90264f33305004495a9","hash":"35ba2e79fca9f25e8ddb75d36b8ba5c0c91e2487"}
,"/Users/shotayamamoto/Jest/Sort-Algorithm/src/QuickSortConfirm.js": {"path":"/Users/shotayamamoto/Jest/Sort-Algorithm/src/QuickSortConfirm.js","statementMap":{"0":{"start":{"line":3,"column":25},"end":{"line":36,"column":1}},"1":{"start":{"line":7,"column":2},"end":{"line":33,"column":3}},"2":{"start":{"line":9,"column":4},"end":{"line":9,"column":48}},"3":{"start":{"line":12,"column":8},"end":{"line":33,"column":3}},"4":{"start":{"line":14,"column":4},"end":{"line":14,"column":44}},"5":{"start":{"line":17,"column":8},"end":{"line":33,"column":3}},"6":{"start":{"line":19,"column":4},"end":{"line":19,"column":53}},"7":{"start":{"line":22,"column":8},"end":{"line":33,"column":3}},"8":{"start":{"line":24,"column":4},"end":{"line":24,"column":54}},"9":{"start":{"line":29,"column":17},"end":{"line":29,"column":33}},"10":{"start":{"line":31,"column":4},"end":{"line":31,"column":18}},"11":{"start":{"line":39,"column":28},"end":{"line":45,"column":1}},"12":{"start":{"line":41,"column":2},"end":{"line":41,"column":44}},"13":{"start":{"line":41,"column":32},"end":{"line":41,"column":44}},"14":{"start":{"line":43,"column":2},"end":{"line":43,"column":15}},"15":{"start":{"line":47,"column":19},"end":{"line":53,"column":1}},"16":{"start":{"line":49,"column":2},"end":{"line":49,"column":37}},"17":{"start":{"line":49,"column":25},"end":{"line":49,"column":37}},"18":{"start":{"line":51,"column":2},"end":{"line":51,"column":15}},"19":{"start":{"line":55,"column":28},"end":{"line":61,"column":1}},"20":{"start":{"line":57,"column":2},"end":{"line":57,"column":44}},"21":{"start":{"line":57,"column":32},"end":{"line":57,"column":44}},"22":{"start":{"line":59,"column":2},"end":{"line":59,"column":15}},"23":{"start":{"line":63,"column":19},"end":{"line":70,"column":1}},"24":{"start":{"line":65,"column":2},"end":{"line":65,"column":45}},"25":{"start":{"line":65,"column":33},"end":{"line":65,"column":45}},"26":{"start":{"line":66,"column":2},"end":{"line":66,"column":41}},"27":{"start":{"line":66,"column":29},"end":{"line":66,"column":41}},"28":{"start":{"line":68,"column":2},"end":{"line":68,"column":15}},"29":{"start":{"line":74,"column":18},"end":{"line":83,"column":1}},"30":{"start":{"line":76,"column":16},"end":{"line":76,"column":17}},"31":{"start":{"line":77,"column":14},"end":{"line":77,"column":28}},"32":{"start":{"line":79,"column":4},"end":{"line":79,"column":26}},"33":{"start":{"line":81,"column":4},"end":{"line":81,"column":17}},"34":{"start":{"line":86,"column":13},"end":{"line":148,"column":1}},"35":{"start":{"line":90,"column":15},"end":{"line":90,"column":49}},"36":{"start":{"line":92,"column":13},"end":{"line":92,"column":18}},"37":{"start":{"line":94,"column":14},"end":{"line":94,"column":17}},"38":{"start":{"line":97,"column":2},"end":{"line":128,"column":4}},"39":{"start":{"line":100,"column":5},"end":{"line":104,"column":7}},"40":{"start":{"line":102,"column":10},"end":{"line":102,"column":17}},"41":{"start":{"line":107,"column":5},"end":{"line":111,"column":6}},"42":{"start":{"line":109,"column":10},"end":{"line":109,"column":18}},"43":{"start":{"line":114,"column":5},"end":{"line":118,"column":7}},"44":{"start":{"line":116,"column":10},"end":{"line":116,"column":16}},"45":{"start":{"line":121,"column":15},"end":{"line":121,"column":26}},"46":{"start":{"line":122,"column":5},"end":{"line":122,"column":32}},"47":{"start":{"line":123,"column":5},"end":{"line":123,"column":24}},"48":{"start":{"line":125,"column":5},"end":{"line":125,"column":12}},"49":{"start":{"line":126,"column":5},"end":{"line":126,"column":13}},"50":{"start":{"line":132,"column":3},"end":{"line":136,"column":4}},"51":{"start":{"line":134,"column":7},"end":{"line":134,"column":32}},"52":{"start":{"line":139,"column":3},"end":{"line":143,"column":4}},"53":{"start":{"line":141,"column":7},"end":{"line":141,"column":31}},"54":{"start":{"line":145,"column":3},"end":{"line":145,"column":16}},"55":{"start":{"line":151,"column":0},"end":{"line":151,"column":34}}},"fnMap":{"0":{"name":"(anonymous_0)","decl":{"start":{"line":3,"column":25},"end":{"line":3,"column":26}},"loc":{"start":{"line":3,"column":35},"end":{"line":36,"column":1}},"line":3},"1":{"name":"(anonymous_1)","decl":{"start":{"line":39,"column":28},"end":{"line":39,"column":29}},"loc":{"start":{"line":39,"column":38},"end":{"line":45,"column":1}},"line":39},"2":{"name":"(anonymous_2)","decl":{"start":{"line":47,"column":19},"end":{"line":47,"column":20}},"loc":{"start":{"line":47,"column":29},"end":{"line":53,"column":1}},"line":47},"3":{"name":"(anonymous_3)","decl":{"start":{"line":55,"column":28},"end":{"line":55,"column":29}},"loc":{"start":{"line":55,"column":38},"end":{"line":61,"column":1}},"line":55},"4":{"name":"(anonymous_4)","decl":{"start":{"line":63,"column":19},"end":{"line":63,"column":20}},"loc":{"start":{"line":63,"column":29},"end":{"line":70,"column":1}},"line":63},"5":{"name":"(anonymous_5)","decl":{"start":{"line":74,"column":18},"end":{"line":74,"column":19}},"loc":{"start":{"line":74,"column":28},"end":{"line":83,"column":1}},"line":74},"6":{"name":"(anonymous_6)","decl":{"start":{"line":86,"column":13},"end":{"line":86,"column":14}},"loc":{"start":{"line":86,"column":33},"end":{"line":148,"column":1}},"line":86}},"branchMap":{"0":{"loc":{"start":{"line":7,"column":2},"end":{"line":33,"column":3}},"type":"if","locations":[{"start":{"line":7,"column":2},"end":{"line":33,"column":3}},{"start":{"line":7,"column":2},"end":{"line":33,"column":3}}],"line":7},"1":{"loc":{"start":{"line":12,"column":8},"end":{"line":33,"column":3}},"type":"if","locations":[{"start":{"line":12,"column":8},"end":{"line":33,"column":3}},{"start":{"line":12,"column":8},"end":{"line":33,"column":3}}],"line":12},"2":{"loc":{"start":{"line":17,"column":8},"end":{"line":33,"column":3}},"type":"if","locations":[{"start":{"line":17,"column":8},"end":{"line":33,"column":3}},{"start":{"line":17,"column":8},"end":{"line":33,"column":3}}],"line":17},"3":{"loc":{"start":{"line":22,"column":8},"end":{"line":33,"column":3}},"type":"if","locations":[{"start":{"line":22,"column":8},"end":{"line":33,"column":3}},{"start":{"line":22,"column":8},"end":{"line":33,"column":3}}],"line":22},"4":{"loc":{"start":{"line":41,"column":2},"end":{"line":41,"column":44}},"type":"if","locations":[{"start":{"line":41,"column":2},"end":{"line":41,"column":44}},{"start":{"line":41,"column":2},"end":{"line":41,"column":44}}],"line":41},"5":{"loc":{"start":{"line":49,"column":2},"end":{"line":49,"column":37}},"type":"if","locations":[{"start":{"line":49,"column":2},"end":{"line":49,"column":37}},{"start":{"line":49,"column":2},"end":{"line":49,"column":37}}],"line":49},"6":{"loc":{"start":{"line":57,"column":2},"end":{"line":57,"column":44}},"type":"if","locations":[{"start":{"line":57,"column":2},"end":{"line":57,"column":44}},{"start":{"line":57,"column":2},"end":{"line":57,"column":44}}],"line":57},"7":{"loc":{"start":{"line":65,"column":2},"end":{"line":65,"column":45}},"type":"if","locations":[{"start":{"line":65,"column":2},"end":{"line":65,"column":45}},{"start":{"line":65,"column":2},"end":{"line":65,"column":45}}],"line":65},"8":{"loc":{"start":{"line":66,"column":2},"end":{"line":66,"column":41}},"type":"if","locations":[{"start":{"line":66,"column":2},"end":{"line":66,"column":41}},{"start":{"line":66,"column":2},"end":{"line":66,"column":41}}],"line":66},"9":{"loc":{"start":{"line":114,"column":5},"end":{"line":118,"column":7}},"type":"if","locations":[{"start":{"line":114,"column":5},"end":{"line":118,"column":7}},{"start":{"line":114,"column":5},"end":{"line":118,"column":7}}],"line":114},"10":{"loc":{"start":{"line":132,"column":3},"end":{"line":136,"column":4}},"type":"if","locations":[{"start":{"line":132,"column":3},"end":{"line":136,"column":4}},{"start":{"line":132,"column":3},"end":{"line":136,"column":4}}],"line":132},"11":{"loc":{"start":{"line":139,"column":3},"end":{"line":143,"column":4}},"type":"if","locations":[{"start":{"line":139,"column":3},"end":{"line":143,"column":4}},{"start":{"line":139,"column":3},"end":{"line":143,"column":4}}],"line":139}},"s":{"0":1,"1":6,"2":1,"3":5,"4":1,"5":4,"6":1,"7":3,"8":2,"9":1,"10":1,"11":1,"12":6,"13":1,"14":5,"15":1,"16":5,"17":1,"18":4,"19":1,"20":33,"21":1,"22":32,"23":1,"24":12,"25":1,"26":11,"27":1,"28":10,"29":1,"30":1,"31":1,"32":1,"33":1,"34":1,"35":9,"36":9,"37":9,"38":9,"39":18,"40":9,"41":18,"42":11,"43":18,"44":9,"45":9,"46":9,"47":9,"48":9,"49":9,"50":9,"51":4,"52":9,"53":4,"54":9,"55":1},"f":{"0":6,"1":6,"2":5,"3":33,"4":12,"5":1,"6":9},"b":{"0":[1,5],"1":[1,4],"2":[1,3],"3":[2,1],"4":[1,5],"5":[1,4],"6":[1,32],"7":[1,11],"8":[1,10],"9":[9,9],"10":[4,5],"11":[4,5]},"_coverageSchema":"1a1c01bbd47fc00a2c39e90264f33305004495a9","hash":"4f125950f83d2106499eb436d705028c7f76b743"}
,"/Users/shotayamamoto/Jest/Sort-Algorithm/src/RadixSortConfirm.js": {"path":"/Users/shotayamamoto/Jest/Sort-Algorithm/src/RadixSortConfirm.js","statementMap":{"0":{"start":{"line":2,"column":25},"end":{"line":35,"column":1}},"1":{"start":{"line":6,"column":2},"end":{"line":32,"column":3}},"2":{"start":{"line":8,"column":4},"end":{"line":8,"column":48}},"3":{"start":{"line":11,"column":8},"end":{"line":32,"column":3}},"4":{"start":{"line":13,"column":4},"end":{"line":13,"column":44}},"5":{"start":{"line":16,"column":8},"end":{"line":32,"column":3}},"6":{"start":{"line":18,"column":4},"end":{"line":18,"column":53}},"7":{"start":{"line":21,"column":8},"end":{"line":32,"column":3}},"8":{"start":{"line":23,"column":4},"end":{"line":23,"column":54}},"9":{"start":{"line":28,"column":17},"end":{"line":28,"column":33}},"10":{"start":{"line":30,"column":4},"end":{"line":30,"column":18}},"11":{"start":{"line":38,"column":28},"end":{"line":44,"column":1}},"12":{"start":{"line":40,"column":2},"end":{"line":40,"column":44}},"13":{"start":{"line":40,"column":32},"end":{"line":40,"column":44}},"14":{"start":{"line":42,"column":2},"end":{"line":42,"column":15}},"15":{"start":{"line":46,"column":19},"end":{"line":52,"column":1}},"16":{"start":{"line":48,"column":2},"end":{"line":48,"column":37}},"17":{"start":{"line":48,"column":25},"end":{"line":48,"column":37}},"18":{"start":{"line":50,"column":2},"end":{"line":50,"column":15}},"19":{"start":{"line":54,"column":28},"end":{"line":60,"column":1}},"20":{"start":{"line":56,"column":2},"end":{"line":56,"column":44}},"21":{"start":{"line":56,"column":32},"end":{"line":56,"column":44}},"22":{"start":{"line":58,"column":2},"end":{"line":58,"column":15}},"23":{"start":{"line":62,"column":19},"end":{"line":69,"column":1}},"24":{"start":{"line":64,"column":2},"end":{"line":64,"column":45}},"25":{"start":{"line":64,"column":33},"end":{"line":64,"column":45}},"26":{"start":{"line":65,"column":2},"end":{"line":65,"column":41}},"27":{"start":{"line":65,"column":29},"end":{"line":65,"column":41}},"28":{"start":{"line":67,"column":2},"end":{"line":67,"column":15}},"29":{"start":{"line":72,"column":18},"end":{"line":144,"column":1}},"30":{"start":{"line":75,"column":14},"end":{"line":75,"column":40}},"31":{"start":{"line":76,"column":23},"end":{"line":76,"column":25}},"32":{"start":{"line":77,"column":21},"end":{"line":77,"column":23}},"33":{"start":{"line":78,"column":16},"end":{"line":78,"column":17}},"34":{"start":{"line":79,"column":14},"end":{"line":79,"column":15}},"35":{"start":{"line":83,"column":4},"end":{"line":87,"column":5}},"36":{"start":{"line":85,"column":8},"end":{"line":85,"column":28}},"37":{"start":{"line":90,"column":4},"end":{"line":139,"column":4}},"38":{"start":{"line":94,"column":6},"end":{"line":98,"column":7}},"39":{"start":{"line":96,"column":8},"end":{"line":96,"column":26}},"40":{"start":{"line":100,"column":6},"end":{"line":116,"column":8}},"41":{"start":{"line":103,"column":9},"end":{"line":114,"column":11}},"42":{"start":{"line":105,"column":12},"end":{"line":105,"column":62}},"43":{"start":{"line":110,"column":12},"end":{"line":110,"column":24}},"44":{"start":{"line":111,"column":12},"end":{"line":111,"column":69}},"45":{"start":{"line":112,"column":12},"end":{"line":112,"column":39}},"46":{"start":{"line":119,"column":7},"end":{"line":119,"column":26}},"47":{"start":{"line":122,"column":7},"end":{"line":135,"column":9}},"48":{"start":{"line":124,"column":9},"end":{"line":133,"column":11}},"49":{"start":{"line":126,"column":12},"end":{"line":131,"column":13}},"50":{"start":{"line":128,"column":16},"end":{"line":128,"column":45}},"51":{"start":{"line":129,"column":16},"end":{"line":129,"column":22}},"52":{"start":{"line":137,"column":8},"end":{"line":137,"column":16}},"53":{"start":{"line":141,"column":3},"end":{"line":141,"column":23}},"54":{"start":{"line":147,"column":0},"end":{"line":147,"column":34}}},"fnMap":{"0":{"name":"(anonymous_0)","decl":{"start":{"line":2,"column":25},"end":{"line":2,"column":26}},"loc":{"start":{"line":2,"column":35},"end":{"line":35,"column":1}},"line":2},"1":{"name":"(anonymous_1)","decl":{"start":{"line":38,"column":28},"end":{"line":38,"column":29}},"loc":{"start":{"line":38,"column":38},"end":{"line":44,"column":1}},"line":38},"2":{"name":"(anonymous_2)","decl":{"start":{"line":46,"column":19},"end":{"line":46,"column":20}},"loc":{"start":{"line":46,"column":29},"end":{"line":52,"column":1}},"line":46},"3":{"name":"(anonymous_3)","decl":{"start":{"line":54,"column":28},"end":{"line":54,"column":29}},"loc":{"start":{"line":54,"column":38},"end":{"line":60,"column":1}},"line":54},"4":{"name":"(anonymous_4)","decl":{"start":{"line":62,"column":19},"end":{"line":62,"column":20}},"loc":{"start":{"line":62,"column":29},"end":{"line":69,"column":1}},"line":62},"5":{"name":"(anonymous_5)","decl":{"start":{"line":72,"column":18},"end":{"line":72,"column":19}},"loc":{"start":{"line":72,"column":28},"end":{"line":144,"column":1}},"line":72}},"branchMap":{"0":{"loc":{"start":{"line":6,"column":2},"end":{"line":32,"column":3}},"type":"if","locations":[{"start":{"line":6,"column":2},"end":{"line":32,"column":3}},{"start":{"line":6,"column":2},"end":{"line":32,"column":3}}],"line":6},"1":{"loc":{"start":{"line":11,"column":8},"end":{"line":32,"column":3}},"type":"if","locations":[{"start":{"line":11,"column":8},"end":{"line":32,"column":3}},{"start":{"line":11,"column":8},"end":{"line":32,"column":3}}],"line":11},"2":{"loc":{"start":{"line":16,"column":8},"end":{"line":32,"column":3}},"type":"if","locations":[{"start":{"line":16,"column":8},"end":{"line":32,"column":3}},{"start":{"line":16,"column":8},"end":{"line":32,"column":3}}],"line":16},"3":{"loc":{"start":{"line":21,"column":8},"end":{"line":32,"column":3}},"type":"if","locations":[{"start":{"line":21,"column":8},"end":{"line":32,"column":3}},{"start":{"line":21,"column":8},"end":{"line":32,"column":3}}],"line":21},"4":{"loc":{"start":{"line":40,"column":2},"end":{"line":40,"column":44}},"type":"if","locations":[{"start":{"line":40,"column":2},"end":{"line":40,"column":44}},{"start":{"line":40,"column":2},"end":{"line":40,"column":44}}],"line":40},"5":{"loc":{"start":{"line":48,"column":2},"end":{"line":48,"column":37}},"type":"if","locations":[{"start":{"line":48,"column":2},"end":{"line":48,"column":37}},{"start":{"line":48,"column":2},"end":{"line":48,"column":37}}],"line":48},"6":{"loc":{"start":{"line":56,"column":2},"end":{"line":56,"column":44}},"type":"if","locations":[{"start":{"line":56,"column":2},"end":{"line":56,"column":44}},{"start":{"line":56,"column":2},"end":{"line":56,"column":44}}],"line":56},"7":{"loc":{"start":{"line":64,"column":2},"end":{"line":64,"column":45}},"type":"if","locations":[{"start":{"line":64,"column":2},"end":{"line":64,"column":45}},{"start":{"line":64,"column":2},"end":{"line":64,"column":45}}],"line":64},"8":{"loc":{"start":{"line":65,"column":2},"end":{"line":65,"column":41}},"type":"if","locations":[{"start":{"line":65,"column":2},"end":{"line":65,"column":41}},{"start":{"line":65,"column":2},"end":{"line":65,"column":41}}],"line":65},"9":{"loc":{"start":{"line":103,"column":9},"end":{"line":114,"column":11}},"type":"if","locations":[{"start":{"line":103,"column":9},"end":{"line":114,"column":11}},{"start":{"line":103,"column":9},"end":{"line":114,"column":11}}],"line":103},"10":{"loc":{"start":{"line":126,"column":12},"end":{"line":131,"column":13}},"type":"if","locations":[{"start":{"line":126,"column":12},"end":{"line":131,"column":13}},{"start":{"line":126,"column":12},"end":{"line":131,"column":13}}],"line":126}},"s":{"0":1,"1":6,"2":1,"3":5,"4":1,"5":4,"6":1,"7":3,"8":2,"9":1,"10":1,"11":1,"12":6,"13":1,"14":5,"15":1,"16":5,"17":1,"18":4,"19":1,"20":39,"21":1,"22":38,"23":1,"24":14,"25":1,"26":13,"27":1,"28":12,"29":1,"30":1,"31":1,"32":1,"33":1,"34":1,"35":1,"36":12,"37":1,"38":3,"39":30,"40":3,"41":36,"42":12,"43":24,"44":24,"45":24,"46":3,"47":3,"48":30,"49":360,"50":36,"51":36,"52":3,"53":1,"54":1},"f":{"0":6,"1":6,"2":5,"3":39,"4":14,"5":1},"b":{"0":[1,5],"1":[1,4],"2":[1,3],"3":[2,1],"4":[1,5],"5":[1,4],"6":[1,38],"7":[1,13],"8":[1,12],"9":[12,24],"10":[36,324]},"_coverageSchema":"1a1c01bbd47fc00a2c39e90264f33305004495a9","hash":"9eee60dc2184758bc03615b3f6f1587217e2a79d"}
,"/Users/shotayamamoto/Jest/Sort-Algorithm/src/SelectionSortConfirm.js": {"path":"/Users/shotayamamoto/Jest/Sort-Algorithm/src/SelectionSortConfirm.js","statementMap":{"0":{"start":{"line":2,"column":29},"end":{"line":35,"column":1}},"1":{"start":{"line":6,"column":2},"end":{"line":32,"column":3}},"2":{"start":{"line":8,"column":4},"end":{"line":8,"column":48}},"3":{"start":{"line":11,"column":8},"end":{"line":32,"column":3}},"4":{"start":{"line":13,"column":4},"end":{"line":13,"column":44}},"5":{"start":{"line":16,"column":8},"end":{"line":32,"column":3}},"6":{"start":{"line":18,"column":4},"end":{"line":18,"column":53}},"7":{"start":{"line":21,"column":8},"end":{"line":32,"column":3}},"8":{"start":{"line":23,"column":4},"end":{"line":23,"column":54}},"9":{"start":{"line":28,"column":17},"end":{"line":28,"column":37}},"10":{"start":{"line":30,"column":4},"end":{"line":30,"column":18}},"11":{"start":{"line":38,"column":28},"end":{"line":44,"column":1}},"12":{"start":{"line":40,"column":3},"end":{"line":40,"column":45}},"13":{"start":{"line":40,"column":33},"end":{"line":40,"column":45}},"14":{"start":{"line":42,"column":3},"end":{"line":42,"column":16}},"15":{"start":{"line":46,"column":20},"end":{"line":52,"column":1}},"16":{"start":{"line":48,"column":3},"end":{"line":48,"column":38}},"17":{"start":{"line":48,"column":26},"end":{"line":48,"column":38}},"18":{"start":{"line":50,"column":3},"end":{"line":50,"column":16}},"19":{"start":{"line":54,"column":29},"end":{"line":60,"column":1}},"20":{"start":{"line":56,"column":3},"end":{"line":56,"column":45}},"21":{"start":{"line":56,"column":33},"end":{"line":56,"column":45}},"22":{"start":{"line":58,"column":3},"end":{"line":58,"column":16}},"23":{"start":{"line":62,"column":20},"end":{"line":69,"column":1}},"24":{"start":{"line":64,"column":3},"end":{"line":64,"column":46}},"25":{"start":{"line":64,"column":34},"end":{"line":64,"column":46}},"26":{"start":{"line":65,"column":3},"end":{"line":65,"column":42}},"27":{"start":{"line":65,"column":30},"end":{"line":65,"column":42}},"28":{"start":{"line":67,"column":3},"end":{"line":67,"column":16}},"29":{"start":{"line":72,"column":22},"end":{"line":104,"column":1}},"30":{"start":{"line":76,"column":2},"end":{"line":99,"column":3}},"31":{"start":{"line":78,"column":15},"end":{"line":78,"column":23}},"32":{"start":{"line":79,"column":17},"end":{"line":79,"column":20}},"33":{"start":{"line":81,"column":5},"end":{"line":91,"column":7}},"34":{"start":{"line":84,"column":8},"end":{"line":89,"column":10}},"35":{"start":{"line":86,"column":11},"end":{"line":86,"column":26}},"36":{"start":{"line":87,"column":11},"end":{"line":87,"column":21}},"37":{"start":{"line":94,"column":17},"end":{"line":94,"column":25}},"38":{"start":{"line":95,"column":7},"end":{"line":95,"column":31}},"39":{"start":{"line":96,"column":7},"end":{"line":96,"column":26}},"40":{"start":{"line":101,"column":2},"end":{"line":101,"column":15}},"41":{"start":{"line":107,"column":0},"end":{"line":107,"column":38}}},"fnMap":{"0":{"name":"(anonymous_0)","decl":{"start":{"line":2,"column":29},"end":{"line":2,"column":30}},"loc":{"start":{"line":2,"column":39},"end":{"line":35,"column":1}},"line":2},"1":{"name":"(anonymous_1)","decl":{"start":{"line":38,"column":28},"end":{"line":38,"column":29}},"loc":{"start":{"line":38,"column":38},"end":{"line":44,"column":1}},"line":38},"2":{"name":"(anonymous_2)","decl":{"start":{"line":46,"column":20},"end":{"line":46,"column":21}},"loc":{"start":{"line":46,"column":30},"end":{"line":52,"column":1}},"line":46},"3":{"name":"(anonymous_3)","decl":{"start":{"line":54,"column":29},"end":{"line":54,"column":30}},"loc":{"start":{"line":54,"column":39},"end":{"line":60,"column":1}},"line":54},"4":{"name":"(anonymous_4)","decl":{"start":{"line":62,"column":20},"end":{"line":62,"column":21}},"loc":{"start":{"line":62,"column":30},"end":{"line":69,"column":1}},"line":62},"5":{"name":"(anonymous_5)","decl":{"start":{"line":72,"column":22},"end":{"line":72,"column":23}},"loc":{"start":{"line":72,"column":32},"end":{"line":104,"column":1}},"line":72}},"branchMap":{"0":{"loc":{"start":{"line":6,"column":2},"end":{"line":32,"column":3}},"type":"if","locations":[{"start":{"line":6,"column":2},"end":{"line":32,"column":3}},{"start":{"line":6,"column":2},"end":{"line":32,"column":3}}],"line":6},"1":{"loc":{"start":{"line":11,"column":8},"end":{"line":32,"column":3}},"type":"if","locations":[{"start":{"line":11,"column":8},"end":{"line":32,"column":3}},{"start":{"line":11,"column":8},"end":{"line":32,"column":3}}],"line":11},"2":{"loc":{"start":{"line":16,"column":8},"end":{"line":32,"column":3}},"type":"if","locations":[{"start":{"line":16,"column":8},"end":{"line":32,"column":3}},{"start":{"line":16,"column":8},"end":{"line":32,"column":3}}],"line":16},"3":{"loc":{"start":{"line":21,"column":8},"end":{"line":32,"column":3}},"type":"if","locations":[{"start":{"line":21,"column":8},"end":{"line":32,"column":3}},{"start":{"line":21,"column":8},"end":{"line":32,"column":3}}],"line":21},"4":{"loc":{"start":{"line":40,"column":3},"end":{"line":40,"column":45}},"type":"if","locations":[{"start":{"line":40,"column":3},"end":{"line":40,"column":45}},{"start":{"line":40,"column":3},"end":{"line":40,"column":45}}],"line":40},"5":{"loc":{"start":{"line":48,"column":3},"end":{"line":48,"column":38}},"type":"if","locations":[{"start":{"line":48,"column":3},"end":{"line":48,"column":38}},{"start":{"line":48,"column":3},"end":{"line":48,"column":38}}],"line":48},"6":{"loc":{"start":{"line":56,"column":3},"end":{"line":56,"column":45}},"type":"if","locations":[{"start":{"line":56,"column":3},"end":{"line":56,"column":45}},{"start":{"line":56,"column":3},"end":{"line":56,"column":45}}],"line":56},"7":{"loc":{"start":{"line":64,"column":3},"end":{"line":64,"column":46}},"type":"if","locations":[{"start":{"line":64,"column":3},"end":{"line":64,"column":46}},{"start":{"line":64,"column":3},"end":{"line":64,"column":46}}],"line":64},"8":{"loc":{"start":{"line":65,"column":3},"end":{"line":65,"column":42}},"type":"if","locations":[{"start":{"line":65,"column":3},"end":{"line":65,"column":42}},{"start":{"line":65,"column":3},"end":{"line":65,"column":42}}],"line":65},"9":{"loc":{"start":{"line":84,"column":8},"end":{"line":89,"column":10}},"type":"if","locations":[{"start":{"line":84,"column":8},"end":{"line":89,"column":10}},{"start":{"line":84,"column":8},"end":{"line":89,"column":10}}],"line":84}},"s":{"0":1,"1":6,"2":1,"3":5,"4":1,"5":4,"6":1,"7":3,"8":2,"9":1,"10":1,"11":1,"12":6,"13":1,"14":5,"15":1,"16":5,"17":1,"18":4,"19":1,"20":33,"21":1,"22":32,"23":1,"24":12,"25":1,"26":11,"27":1,"28":10,"29":1,"30":1,"31":9,"32":9,"33":9,"34":45,"35":11,"36":11,"37":9,"38":9,"39":9,"40":1,"41":1},"f":{"0":6,"1":6,"2":5,"3":33,"4":12,"5":1},"b":{"0":[1,5],"1":[1,4],"2":[1,3],"3":[2,1],"4":[1,5],"5":[1,4],"6":[1,32],"7":[1,11],"8":[1,10],"9":[11,34]},"_coverageSchema":"1a1c01bbd47fc00a2c39e90264f33305004495a9","hash":"30b1b98d01e21d7e5691e53a5d036b64ee6782df"}
,"/Users/shotayamamoto/Jest/Sort-Algorithm/src/SortFunctionConfirm.js": {"path":"/Users/shotayamamoto/Jest/Sort-Algorithm/src/SortFunctionConfirm.js","statementMap":{"0":{"start":{"line":2,"column":28},"end":{"line":33,"column":1}},"1":{"start":{"line":4,"column":2},"end":{"line":30,"column":3}},"2":{"start":{"line":6,"column":3},"end":{"line":6,"column":47}},"3":{"start":{"line":9,"column":8},"end":{"line":30,"column":3}},"4":{"start":{"line":11,"column":3},"end":{"line":11,"column":43}},"5":{"start":{"line":14,"column":8},"end":{"line":30,"column":3}},"6":{"start":{"line":16,"column":4},"end":{"line":16,"column":53}},"7":{"start":{"line":19,"column":8},"end":{"line":30,"column":3}},"8":{"start":{"line":21,"column":3},"end":{"line":21,"column":53}},"9":{"start":{"line":26,"column":16},"end":{"line":26,"column":35}},"10":{"start":{"line":28,"column":3},"end":{"line":28,"column":17}},"11":{"start":{"line":36,"column":28},"end":{"line":42,"column":2}},"12":{"start":{"line":38,"column":3},"end":{"line":38,"column":45}},"13":{"start":{"line":38,"column":33},"end":{"line":38,"column":45}},"14":{"start":{"line":40,"column":3},"end":{"line":40,"column":16}},"15":{"start":{"line":44,"column":20},"end":{"line":50,"column":2}},"16":{"start":{"line":46,"column":3},"end":{"line":46,"column":38}},"17":{"start":{"line":46,"column":26},"end":{"line":46,"column":38}},"18":{"start":{"line":48,"column":3},"end":{"line":48,"column":16}},"19":{"start":{"line":52,"column":29},"end":{"line":58,"column":2}},"20":{"start":{"line":54,"column":3},"end":{"line":54,"column":45}},"21":{"start":{"line":54,"column":33},"end":{"line":54,"column":45}},"22":{"start":{"line":56,"column":3},"end":{"line":56,"column":16}},"23":{"start":{"line":60,"column":20},"end":{"line":67,"column":2}},"24":{"start":{"line":62,"column":3},"end":{"line":62,"column":46}},"25":{"start":{"line":62,"column":34},"end":{"line":62,"column":46}},"26":{"start":{"line":63,"column":3},"end":{"line":63,"column":42}},"27":{"start":{"line":63,"column":30},"end":{"line":63,"column":42}},"28":{"start":{"line":65,"column":3},"end":{"line":65,"column":16}},"29":{"start":{"line":70,"column":22},"end":{"line":76,"column":1}},"30":{"start":{"line":72,"column":3},"end":{"line":72,"column":19}},"31":{"start":{"line":74,"column":3},"end":{"line":74,"column":16}},"32":{"start":{"line":78,"column":13},"end":{"line":85,"column":1}},"33":{"start":{"line":83,"column":3},"end":{"line":83,"column":16}},"34":{"start":{"line":88,"column":0},"end":{"line":88,"column":37}}},"fnMap":{"0":{"name":"(anonymous_0)","decl":{"start":{"line":2,"column":28},"end":{"line":2,"column":29}},"loc":{"start":{"line":2,"column":38},"end":{"line":33,"column":1}},"line":2},"1":{"name":"(anonymous_1)","decl":{"start":{"line":36,"column":28},"end":{"line":36,"column":29}},"loc":{"start":{"line":36,"column":38},"end":{"line":42,"column":2}},"line":36},"2":{"name":"(anonymous_2)","decl":{"start":{"line":44,"column":20},"end":{"line":44,"column":21}},"loc":{"start":{"line":44,"column":30},"end":{"line":50,"column":2}},"line":44},"3":{"name":"(anonymous_3)","decl":{"start":{"line":52,"column":29},"end":{"line":52,"column":30}},"loc":{"start":{"line":52,"column":39},"end":{"line":58,"column":2}},"line":52},"4":{"name":"(anonymous_4)","decl":{"start":{"line":60,"column":20},"end":{"line":60,"column":21}},"loc":{"start":{"line":60,"column":30},"end":{"line":67,"column":2}},"line":60},"5":{"name":"(anonymous_5)","decl":{"start":{"line":70,"column":22},"end":{"line":70,"column":23}},"loc":{"start":{"line":70,"column":32},"end":{"line":76,"column":1}},"line":70},"6":{"name":"(anonymous_6)","decl":{"start":{"line":78,"column":13},"end":{"line":78,"column":14}},"loc":{"start":{"line":78,"column":21},"end":{"line":85,"column":1}},"line":78}},"branchMap":{"0":{"loc":{"start":{"line":4,"column":2},"end":{"line":30,"column":3}},"type":"if","locations":[{"start":{"line":4,"column":2},"end":{"line":30,"column":3}},{"start":{"line":4,"column":2},"end":{"line":30,"column":3}}],"line":4},"1":{"loc":{"start":{"line":9,"column":8},"end":{"line":30,"column":3}},"type":"if","locations":[{"start":{"line":9,"column":8},"end":{"line":30,"column":3}},{"start":{"line":9,"column":8},"end":{"line":30,"column":3}}],"line":9},"2":{"loc":{"start":{"line":14,"column":8},"end":{"line":30,"column":3}},"type":"if","locations":[{"start":{"line":14,"column":8},"end":{"line":30,"column":3}},{"start":{"line":14,"column":8},"end":{"line":30,"column":3}}],"line":14},"3":{"loc":{"start":{"line":19,"column":8},"end":{"line":30,"column":3}},"type":"if","locations":[{"start":{"line":19,"column":8},"end":{"line":30,"column":3}},{"start":{"line":19,"column":8},"end":{"line":30,"column":3}}],"line":19},"4":{"loc":{"start":{"line":38,"column":3},"end":{"line":38,"column":45}},"type":"if","locations":[{"start":{"line":38,"column":3},"end":{"line":38,"column":45}},{"start":{"line":38,"column":3},"end":{"line":38,"column":45}}],"line":38},"5":{"loc":{"start":{"line":46,"column":3},"end":{"line":46,"column":38}},"type":"if","locations":[{"start":{"line":46,"column":3},"end":{"line":46,"column":38}},{"start":{"line":46,"column":3},"end":{"line":46,"column":38}}],"line":46},"6":{"loc":{"start":{"line":54,"column":3},"end":{"line":54,"column":45}},"type":"if","locations":[{"start":{"line":54,"column":3},"end":{"line":54,"column":45}},{"start":{"line":54,"column":3},"end":{"line":54,"column":45}}],"line":54},"7":{"loc":{"start":{"line":62,"column":3},"end":{"line":62,"column":46}},"type":"if","locations":[{"start":{"line":62,"column":3},"end":{"line":62,"column":46}},{"start":{"line":62,"column":3},"end":{"line":62,"column":46}}],"line":62},"8":{"loc":{"start":{"line":63,"column":3},"end":{"line":63,"column":42}},"type":"if","locations":[{"start":{"line":63,"column":3},"end":{"line":63,"column":42}},{"start":{"line":63,"column":3},"end":{"line":63,"column":42}}],"line":63}},"s":{"0":1,"1":6,"2":1,"3":5,"4":1,"5":4,"6":1,"7":3,"8":2,"9":1,"10":1,"11":1,"12":6,"13":1,"14":5,"15":1,"16":5,"17":1,"18":4,"19":1,"20":33,"21":1,"22":32,"23":1,"24":12,"25":1,"26":11,"27":1,"28":10,"29":1,"30":1,"31":1,"32":1,"33":22,"34":1},"f":{"0":6,"1":6,"2":5,"3":33,"4":12,"5":1,"6":22},"b":{"0":[1,5],"1":[1,4],"2":[1,3],"3":[2,1],"4":[1,5],"5":[1,4],"6":[1,32],"7":[1,11],"8":[1,10]},"_coverageSchema":"1a1c01bbd47fc00a2c39e90264f33305004495a9","hash":"cf0e3f0d4eeb507894794e3e31e07afe8042d4b8"}
}
