TN:
SF:src/BubbleSortConfirm.js
FN:3,(anonymous_0)
FN:39,(anonymous_1)
FN:47,(anonymous_2)
FN:55,(anonymous_3)
FN:63,(anonymous_4)
FN:73,(anonymous_5)
FNF:6
FNH:6
FNDA:6,(anonymous_0)
FNDA:6,(anonymous_1)
FNDA:5,(anonymous_2)
FNDA:33,(anonymous_3)
FNDA:12,(anonymous_4)
FNDA:1,(anonymous_5)
DA:3,1
DA:7,6
DA:9,1
DA:12,5
DA:14,1
DA:17,4
DA:19,1
DA:22,3
DA:24,2
DA:29,1
DA:31,1
DA:39,1
DA:41,6
DA:43,5
DA:47,1
DA:49,5
DA:51,4
DA:55,1
DA:57,33
DA:59,32
DA:63,1
DA:65,12
DA:66,11
DA:68,10
DA:73,1
DA:76,1
DA:79,10
DA:83,55
DA:85,21
DA:86,21
DA:87,21
DA:95,1
DA:101,1
LF:33
LH:33
BRDA:7,0,0,1
BRDA:7,0,1,5
BRDA:12,1,0,1
BRDA:12,1,1,4
BRDA:17,2,0,1
BRDA:17,2,1,3
BRDA:22,3,0,2
BRDA:22,3,1,1
BRDA:41,4,0,1
BRDA:41,4,1,5
BRDA:49,5,0,1
BRDA:49,5,1,4
BRDA:57,6,0,1
BRDA:57,6,1,32
BRDA:65,7,0,1
BRDA:65,7,1,11
BRDA:66,8,0,1
BRDA:66,8,1,10
BRDA:83,9,0,21
BRDA:83,9,1,34
BRF:20
BRH:20
end_of_record
TN:
SF:src/BucketSortConfirm.js
FN:1,(anonymous_0)
FN:37,(anonymous_1)
FN:45,(anonymous_2)
FN:53,(anonymous_3)
FN:61,(anonymous_4)
FN:71,(anonymous_5)
FNF:6
FNH:6
FNDA:7,(anonymous_0)
FNDA:7,(anonymous_1)
FNDA:6,(anonymous_2)
FNDA:36,(anonymous_3)
FNDA:15,(anonymous_4)
FNDA:2,(anonymous_5)
DA:1,1
DA:5,7
DA:7,1
DA:10,6
DA:12,1
DA:15,5
DA:17,1
DA:20,4
DA:22,2
DA:27,2
DA:29,2
DA:37,1
DA:39,7
DA:41,6
DA:45,1
DA:47,6
DA:49,5
DA:53,1
DA:55,36
DA:57,35
DA:61,1
DA:63,15
DA:64,14
DA:66,13
DA:71,1
DA:74,2
DA:75,2
DA:76,2
DA:77,2
DA:80,2
DA:82,14
DA:87,2
DA:89,13
DA:95,2
DA:97,14
DA:98,14
DA:103,2
DA:105,14
DA:107,13
DA:109,13
DA:110,13
DA:118,2
DA:124,1
LF:43
LH:43
BRDA:5,0,0,1
BRDA:5,0,1,6
BRDA:10,1,0,1
BRDA:10,1,1,5
BRDA:15,2,0,1
BRDA:15,2,1,4
BRDA:20,3,0,2
BRDA:20,3,1,2
BRDA:39,4,0,1
BRDA:39,4,1,6
BRDA:47,5,0,1
BRDA:47,5,1,5
BRDA:55,6,0,1
BRDA:55,6,1,35
BRDA:63,7,0,1
BRDA:63,7,1,14
BRDA:64,8,0,1
BRDA:64,8,1,13
BRDA:105,9,0,13
BRDA:105,9,1,1
BRF:20
BRH:20
end_of_record
TN:
SF:src/HeapSortConfirm.js
FN:3,(anonymous_0)
FN:39,(anonymous_1)
FN:47,(anonymous_2)
FN:55,(anonymous_3)
FN:63,(anonymous_4)
FN:72,(anonymous_5)
FN:114,(anonymous_6)
FNF:7
FNH:7
FNDA:6,(anonymous_0)
FNDA:6,(anonymous_1)
FNDA:5,(anonymous_2)
FNDA:33,(anonymous_3)
FNDA:12,(anonymous_4)
FNDA:1,(anonymous_5)
FNDA:25,(anonymous_6)
DA:3,1
DA:7,6
DA:9,1
DA:12,5
DA:14,1
DA:17,4
DA:19,1
DA:22,3
DA:24,2
DA:29,1
DA:31,1
DA:39,1
DA:41,6
DA:43,5
DA:47,1
DA:49,5
DA:51,4
DA:55,1
DA:57,33
DA:59,32
DA:63,1
DA:65,12
DA:66,11
DA:68,10
DA:72,1
DA:76,1
DA:78,1
DA:80,10
DA:85,1
DA:86,1
DA:89,1
DA:92,9
DA:94,9
DA:96,25
DA:101,9
DA:102,9
DA:103,9
DA:104,9
DA:108,1
DA:114,1
DA:118,25
DA:119,25
DA:120,25
DA:123,25
DA:125,14
DA:127,14
DA:128,14
DA:129,14
DA:134,25
DA:136,14
DA:138,14
DA:139,14
DA:140,14
DA:144,25
DA:150,1
LF:55
LH:55
BRDA:7,0,0,1
BRDA:7,0,1,5
BRDA:12,1,0,1
BRDA:12,1,1,4
BRDA:17,2,0,1
BRDA:17,2,1,3
BRDA:22,3,0,2
BRDA:22,3,1,1
BRDA:41,4,0,1
BRDA:41,4,1,5
BRDA:49,5,0,1
BRDA:49,5,1,4
BRDA:57,6,0,1
BRDA:57,6,1,32
BRDA:65,7,0,1
BRDA:65,7,1,11
BRDA:66,8,0,1
BRDA:66,8,1,10
BRDA:123,9,0,14
BRDA:123,9,1,11
BRDA:123,10,0,25
BRDA:123,10,1,25
BRDA:134,11,0,14
BRDA:134,11,1,11
BRDA:134,12,0,25
BRDA:134,12,1,20
BRF:26
BRH:26
end_of_record
TN:
SF:src/InsertionSortConfirm.js
FN:2,(anonymous_0)
FN:38,(anonymous_1)
FN:46,(anonymous_2)
FN:54,(anonymous_3)
FN:62,(anonymous_4)
FN:72,(anonymous_5)
FNF:6
FNH:6
FNDA:6,(anonymous_0)
FNDA:6,(anonymous_1)
FNDA:5,(anonymous_2)
FNDA:33,(anonymous_3)
FNDA:12,(anonymous_4)
FNDA:1,(anonymous_5)
DA:2,1
DA:6,6
DA:8,1
DA:11,5
DA:13,1
DA:16,4
DA:18,1
DA:21,3
DA:23,2
DA:28,1
DA:30,1
DA:38,1
DA:40,6
DA:42,5
DA:46,1
DA:48,5
DA:50,4
DA:54,1
DA:56,33
DA:58,32
DA:62,1
DA:64,12
DA:65,11
DA:67,10
DA:72,1
DA:75,1
DA:78,9
DA:80,9
DA:83,28
DA:85,7
DA:90,21
DA:91,21
DA:92,21
DA:94,21
DA:102,1
DA:108,1
LF:36
LH:36
BRDA:6,0,0,1
BRDA:6,0,1,5
BRDA:11,1,0,1
BRDA:11,1,1,4
BRDA:16,2,0,1
BRDA:16,2,1,3
BRDA:21,3,0,2
BRDA:21,3,1,1
BRDA:40,4,0,1
BRDA:40,4,1,5
BRDA:48,5,0,1
BRDA:48,5,1,4
BRDA:56,6,0,1
BRDA:56,6,1,32
BRDA:64,7,0,1
BRDA:64,7,1,11
BRDA:65,8,0,1
BRDA:65,8,1,10
BRDA:83,9,0,7
BRDA:83,9,1,21
BRF:20
BRH:20
end_of_record
TN:
SF:src/MergeSortConfirm.js
FN:2,(anonymous_0)
FN:38,(anonymous_1)
FN:46,(anonymous_2)
FN:54,(anonymous_3)
FN:62,(anonymous_4)
FN:73,(anonymous_5)
FN:93,(anonymous_6)
FNF:7
FNH:7
FNDA:24,(anonymous_0)
FNDA:24,(anonymous_1)
FNDA:23,(anonymous_2)
FNDA:67,(anonymous_3)
FNDA:46,(anonymous_4)
FNDA:19,(anonymous_5)
FNDA:9,(anonymous_6)
DA:2,1
DA:6,24
DA:8,1
DA:11,23
DA:13,1
DA:16,22
DA:18,1
DA:21,21
DA:23,2
DA:28,19
DA:30,19
DA:38,1
DA:40,24
DA:42,23
DA:46,1
DA:48,23
DA:50,22
DA:54,1
DA:56,67
DA:58,66
DA:62,1
DA:64,46
DA:65,45
DA:67,44
DA:73,1
DA:76,19
DA:78,10
DA:82,9
DA:83,9
DA:84,9
DA:87,9
DA:93,1
DA:97,9
DA:102,9
DA:104,25
DA:106,12
DA:110,13
DA:117,9
DA:119,3
DA:123,9
DA:125,6
DA:129,9
DA:135,1
LF:43
LH:43
BRDA:6,0,0,1
BRDA:6,0,1,23
BRDA:11,1,0,1
BRDA:11,1,1,22
BRDA:16,2,0,1
BRDA:16,2,1,21
BRDA:21,3,0,2
BRDA:21,3,1,19
BRDA:40,4,0,1
BRDA:40,4,1,23
BRDA:48,5,0,1
BRDA:48,5,1,22
BRDA:56,6,0,1
BRDA:56,6,1,66
BRDA:64,7,0,1
BRDA:64,7,1,45
BRDA:65,8,0,1
BRDA:65,8,1,44
BRDA:76,9,0,10
BRDA:76,9,1,9
BRDA:102,10,0,34
BRDA:102,10,1,28
BRDA:104,11,0,12
BRDA:104,11,1,13
BRF:24
BRH:24
end_of_record
TN:
SF:src/QuickSortConfirm.js
FN:3,(anonymous_0)
FN:39,(anonymous_1)
FN:47,(anonymous_2)
FN:55,(anonymous_3)
FN:63,(anonymous_4)
FN:74,(anonymous_5)
FN:86,(anonymous_6)
FNF:7
FNH:7
FNDA:6,(anonymous_0)
FNDA:6,(anonymous_1)
FNDA:5,(anonymous_2)
FNDA:33,(anonymous_3)
FNDA:12,(anonymous_4)
FNDA:1,(anonymous_5)
FNDA:9,(anonymous_6)
DA:3,1
DA:7,6
DA:9,1
DA:12,5
DA:14,1
DA:17,4
DA:19,1
DA:22,3
DA:24,2
DA:29,1
DA:31,1
DA:39,1
DA:41,6
DA:43,5
DA:47,1
DA:49,5
DA:51,4
DA:55,1
DA:57,33
DA:59,32
DA:63,1
DA:65,12
DA:66,11
DA:68,10
DA:74,1
DA:76,1
DA:77,1
DA:79,1
DA:81,1
DA:86,1
DA:90,9
DA:92,9
DA:94,9
DA:97,9
DA:100,18
DA:102,9
DA:107,18
DA:109,11
DA:114,18
DA:116,9
DA:121,9
DA:122,9
DA:123,9
DA:125,9
DA:126,9
DA:132,9
DA:134,4
DA:139,9
DA:141,4
DA:145,9
DA:151,1
LF:51
LH:51
BRDA:7,0,0,1
BRDA:7,0,1,5
BRDA:12,1,0,1
BRDA:12,1,1,4
BRDA:17,2,0,1
BRDA:17,2,1,3
BRDA:22,3,0,2
BRDA:22,3,1,1
BRDA:41,4,0,1
BRDA:41,4,1,5
BRDA:49,5,0,1
BRDA:49,5,1,4
BRDA:57,6,0,1
BRDA:57,6,1,32
BRDA:65,7,0,1
BRDA:65,7,1,11
BRDA:66,8,0,1
BRDA:66,8,1,10
BRDA:114,9,0,9
BRDA:114,9,1,9
BRDA:132,10,0,4
BRDA:132,10,1,5
BRDA:139,11,0,4
BRDA:139,11,1,5
BRF:24
BRH:24
end_of_record
TN:
SF:src/RadixSortConfirm.js
FN:2,(anonymous_0)
FN:38,(anonymous_1)
FN:46,(anonymous_2)
FN:54,(anonymous_3)
FN:62,(anonymous_4)
FN:72,(anonymous_5)
FNF:6
FNH:6
FNDA:6,(anonymous_0)
FNDA:6,(anonymous_1)
FNDA:5,(anonymous_2)
FNDA:39,(anonymous_3)
FNDA:14,(anonymous_4)
FNDA:1,(anonymous_5)
DA:2,1
DA:6,6
DA:8,1
DA:11,5
DA:13,1
DA:16,4
DA:18,1
DA:21,3
DA:23,2
DA:28,1
DA:30,1
DA:38,1
DA:40,6
DA:42,5
DA:46,1
DA:48,5
DA:50,4
DA:54,1
DA:56,39
DA:58,38
DA:62,1
DA:64,14
DA:65,13
DA:67,12
DA:72,1
DA:75,1
DA:76,1
DA:77,1
DA:78,1
DA:79,1
DA:83,1
DA:85,12
DA:90,1
DA:94,3
DA:96,30
DA:100,3
DA:103,36
DA:105,12
DA:110,24
DA:111,24
DA:112,24
DA:119,3
DA:122,3
DA:124,30
DA:126,360
DA:128,36
DA:129,36
DA:137,3
DA:141,1
DA:147,1
LF:50
LH:50
BRDA:6,0,0,1
BRDA:6,0,1,5
BRDA:11,1,0,1
BRDA:11,1,1,4
BRDA:16,2,0,1
BRDA:16,2,1,3
BRDA:21,3,0,2
BRDA:21,3,1,1
BRDA:40,4,0,1
BRDA:40,4,1,5
BRDA:48,5,0,1
BRDA:48,5,1,4
BRDA:56,6,0,1
BRDA:56,6,1,38
BRDA:64,7,0,1
BRDA:64,7,1,13
BRDA:65,8,0,1
BRDA:65,8,1,12
BRDA:103,9,0,12
BRDA:103,9,1,24
BRDA:126,10,0,36
BRDA:126,10,1,324
BRF:22
BRH:22
end_of_record
TN:
SF:src/SelectionSortConfirm.js
FN:2,(anonymous_0)
FN:38,(anonymous_1)
FN:46,(anonymous_2)
FN:54,(anonymous_3)
FN:62,(anonymous_4)
FN:72,(anonymous_5)
FNF:6
FNH:6
FNDA:6,(anonymous_0)
FNDA:6,(anonymous_1)
FNDA:5,(anonymous_2)
FNDA:33,(anonymous_3)
FNDA:12,(anonymous_4)
FNDA:1,(anonymous_5)
DA:2,1
DA:6,6
DA:8,1
DA:11,5
DA:13,1
DA:16,4
DA:18,1
DA:21,3
DA:23,2
DA:28,1
DA:30,1
DA:38,1
DA:40,6
DA:42,5
DA:46,1
DA:48,5
DA:50,4
DA:54,1
DA:56,33
DA:58,32
DA:62,1
DA:64,12
DA:65,11
DA:67,10
DA:72,1
DA:76,1
DA:78,9
DA:79,9
DA:81,9
DA:84,45
DA:86,11
DA:87,11
DA:94,9
DA:95,9
DA:96,9
DA:101,1
DA:107,1
LF:37
LH:37
BRDA:6,0,0,1
BRDA:6,0,1,5
BRDA:11,1,0,1
BRDA:11,1,1,4
BRDA:16,2,0,1
BRDA:16,2,1,3
BRDA:21,3,0,2
BRDA:21,3,1,1
BRDA:40,4,0,1
BRDA:40,4,1,5
BRDA:48,5,0,1
BRDA:48,5,1,4
BRDA:56,6,0,1
BRDA:56,6,1,32
BRDA:64,7,0,1
BRDA:64,7,1,11
BRDA:65,8,0,1
BRDA:65,8,1,10
BRDA:84,9,0,11
BRDA:84,9,1,34
BRF:20
BRH:20
end_of_record
TN:
SF:src/SortFunctionConfirm.js
FN:2,(anonymous_0)
FN:36,(anonymous_1)
FN:44,(anonymous_2)
FN:52,(anonymous_3)
FN:60,(anonymous_4)
FN:70,(anonymous_5)
FN:78,(anonymous_6)
FNF:7
FNH:7
FNDA:6,(anonymous_0)
FNDA:6,(anonymous_1)
FNDA:5,(anonymous_2)
FNDA:33,(anonymous_3)
FNDA:12,(anonymous_4)
FNDA:1,(anonymous_5)
FNDA:22,(anonymous_6)
DA:2,1
DA:4,6
DA:6,1
DA:9,5
DA:11,1
DA:14,4
DA:16,1
DA:19,3
DA:21,2
DA:26,1
DA:28,1
DA:36,1
DA:38,6
DA:40,5
DA:44,1
DA:46,5
DA:48,4
DA:52,1
DA:54,33
DA:56,32
DA:60,1
DA:62,12
DA:63,11
DA:65,10
DA:70,1
DA:72,1
DA:74,1
DA:78,1
DA:83,22
DA:88,1
LF:30
LH:30
BRDA:4,0,0,1
BRDA:4,0,1,5
BRDA:9,1,0,1
BRDA:9,1,1,4
BRDA:14,2,0,1
BRDA:14,2,1,3
BRDA:19,3,0,2
BRDA:19,3,1,1
BRDA:38,4,0,1
BRDA:38,4,1,5
BRDA:46,5,0,1
BRDA:46,5,1,4
BRDA:54,6,0,1
BRDA:54,6,1,32
BRDA:62,7,0,1
BRDA:62,7,1,11
BRDA:63,8,0,1
BRDA:63,8,1,10
BRF:18
BRH:18
end_of_record
